============================= test session starts ==============================
platform darwin -- Python 3.14.5, pytest-9.0.3, pluggy-1.6.0 -- /Users/tduffield/code/trailhead/.venv/bin/python
cachedir: .pytest_cache
rootdir: /Users/tduffield/.local/state/camp/trailhead/worktrees/lore-refactor-s3/trailhead
configfile: pyproject.toml
testpaths: trailhead/tests, tools/lore/tests, tools/craft/tests, tools/camp/tests, tools/portage/tests
collecting ... collected 2767 items

trailhead/tests/test_capabilities.py::TestLoreInventory::test_returns_manifest PASSED [  0%]
trailhead/tests/test_capabilities.py::TestLoreInventory::test_tool_name PASSED [  0%]
trailhead/tests/test_capabilities.py::TestLoreInventory::test_base_is_shared_only PASSED [  0%]
trailhead/tests/test_capabilities.py::TestLoreInventory::test_hooks_json PASSED [  0%]
trailhead/tests/test_capabilities.py::TestLoreInventory::test_librarian_subagent_discovered PASSED [  0%]
trailhead/tests/test_capabilities.py::TestLoreInventory::test_capture_skills_selectable PASSED [  0%]
trailhead/tests/test_capabilities.py::TestLoreInventory::test_sync_is_now_selectable PASSED [  0%]
trailhead/tests/test_capabilities.py::TestLoreInventory::test_shared_not_selectable PASSED [  0%]
trailhead/tests/test_capabilities.py::TestLoreInventory::test_all_selectable PASSED [  0%]
trailhead/tests/test_capabilities.py::TestCraftInventory::test_tool_name PASSED [  0%]
trailhead/tests/test_capabilities.py::TestCraftInventory::test_no_hooks_json PASSED [  0%]
trailhead/tests/test_capabilities.py::TestCraftInventory::test_base_is_shared_only PASSED [  0%]
trailhead/tests/test_capabilities.py::TestCraftInventory::test_council_subagents_discovered PASSED [  0%]
trailhead/tests/test_capabilities.py::TestCraftInventory::test_helper_subagents_discovered PASSED [  0%]
trailhead/tests/test_capabilities.py::TestCraftInventory::test_lifecycle_skills_now_selectable PASSED [  0%]
trailhead/tests/test_capabilities.py::TestCraftInventory::test_shared_not_selectable PASSED [  0%]
trailhead/tests/test_capabilities.py::TestOtherInventories::test_camp_has_no_selectable_skills PASSED [  0%]
trailhead/tests/test_capabilities.py::TestOtherInventories::test_portage_inventory PASSED [  0%]
trailhead/tests/test_capabilities.py::TestOtherInventories::test_landing_inventory PASSED [  0%]
trailhead/tests/test_capabilities.py::TestDiscoveryRules::test_skill_without_skill_md_is_not_selectable PASSED [  0%]
trailhead/tests/test_capabilities.py::TestDiscoveryRules::test_base_listed_skill_excluded_from_selectable PASSED [  0%]
trailhead/tests/test_capabilities.py::TestDiscoveryRules::test_subagents_discovered_from_agents_dir PASSED [  0%]
trailhead/tests/test_capabilities.py::TestDiscoveryRules::test_empty_plugin_has_empty_inventory PASSED [  0%]
trailhead/tests/test_capabilities.py::TestMalformedManifests::test_malformed_toml_raises PASSED [  0%]
trailhead/tests/test_capabilities.py::TestMalformedManifests::test_missing_tool_section_raises PASSED [  0%]
trailhead/tests/test_capabilities.py::TestMalformedManifests::test_missing_tool_name_raises PASSED [  0%]
trailhead/tests/test_capabilities.py::TestConfinement::test_dotdot_traversal_in_base_raises PASSED [  0%]
trailhead/tests/test_capabilities.py::TestConfinement::test_absolute_path_in_base_raises PASSED [  1%]
trailhead/tests/test_capabilities.py::TestConfinement::test_hooks_json_traversal_raises PASSED [  1%]
trailhead/tests/test_capabilities.py::TestConfinement::test_absolute_hooks_json_raises PASSED [  1%]
trailhead/tests/test_capabilities.py::TestValidate::test_missing_base_dir_raises PASSED [  1%]
trailhead/tests/test_capabilities.py::TestValidate::test_base_that_is_a_file_raises PASSED [  1%]
trailhead/tests/test_capabilities.py::TestValidate::test_missing_hooks_json_raises PASSED [  1%]
trailhead/tests/test_capabilities.py::TestValidate::test_hooks_json_that_is_a_dir_raises PASSED [  1%]
trailhead/tests/test_capabilities.py::TestValidate::test_validate_false_suppresses_missing_base PASSED [  1%]
trailhead/tests/test_capability_coverage.py::test_every_on_disk_skill_and_agent_is_wired[lore] PASSED [  1%]
trailhead/tests/test_capability_coverage.py::test_every_on_disk_skill_and_agent_is_wired[camp] PASSED [  1%]
trailhead/tests/test_capability_coverage.py::test_every_on_disk_skill_and_agent_is_wired[craft] PASSED [  1%]
trailhead/tests/test_capability_coverage.py::test_every_on_disk_skill_and_agent_is_wired[portage] PASSED [  1%]
trailhead/tests/test_capability_coverage.py::test_every_on_disk_skill_and_agent_is_wired[landing] PASSED [  1%]
trailhead/tests/test_capability_coverage.py::test_manifest_validates_against_disk[lore] PASSED [  1%]
trailhead/tests/test_capability_coverage.py::test_manifest_validates_against_disk[camp] PASSED [  1%]
trailhead/tests/test_capability_coverage.py::test_manifest_validates_against_disk[craft] PASSED [  1%]
trailhead/tests/test_capability_coverage.py::test_manifest_validates_against_disk[portage] PASSED [  1%]
trailhead/tests/test_capability_coverage.py::test_manifest_validates_against_disk[landing] PASSED [  1%]
trailhead/tests/test_capability_coverage.py::test_hooks_scripts_referenced_by_hooks_json_get_wired[lore] PASSED [  1%]
trailhead/tests/test_capability_coverage.py::test_hooks_scripts_referenced_by_hooks_json_get_wired[camp] SKIPPED [  1%]
trailhead/tests/test_capability_coverage.py::test_hooks_scripts_referenced_by_hooks_json_get_wired[craft] SKIPPED [  1%]
trailhead/tests/test_capability_coverage.py::test_hooks_scripts_referenced_by_hooks_json_get_wired[portage] SKIPPED [  1%]
trailhead/tests/test_capability_coverage.py::test_hooks_scripts_referenced_by_hooks_json_get_wired[landing] SKIPPED [  1%]
trailhead/tests/test_cli_help.py::TestCuratedHelp::test_bare_trailhead_exits_zero PASSED [  1%]
trailhead/tests/test_cli_help.py::TestCuratedHelp::test_help_exits_zero PASSED [  1%]
trailhead/tests/test_cli_help.py::TestCuratedHelp::test_bare_names_the_commands PASSED [  1%]
trailhead/tests/test_cli_help.py::TestCuratedHelp::test_help_does_not_name_removed_commands PASSED [  1%]
trailhead/tests/test_cli_help.py::TestCuratedHelp::test_help_mentions_config_flag PASSED [  1%]
trailhead/tests/test_cli_help.py::TestSubcommandHelp::test_install_help_shows_new_flags PASSED [  2%]
trailhead/tests/test_cli_help.py::TestSubcommandHelp::test_install_help_has_no_preset_flag PASSED [  2%]
trailhead/tests/test_cli_help.py::TestSubcommandHelp::test_uninstall_help_shows_yes_flag PASSED [  2%]
trailhead/tests/test_cli_help.py::TestSubcommandHelp::test_doctor_help_exits_zero PASSED [  2%]
trailhead/tests/test_cli_help.py::TestSubcommandHelp::test_update_command_is_gone PASSED [  2%]
trailhead/tests/test_cli_help.py::TestSubcommandHelp::test_config_command_is_gone PASSED [  2%]
trailhead/tests/test_cli_help.py::TestDoctorRuns::test_doctor_exits_zero_with_empty_state PASSED [  2%]
trailhead/tests/test_cli_help.py::TestShellenv::test_shellenv_zsh_prints_exports PASSED [  2%]
trailhead/tests/test_cli_help.py::TestShellenv::test_shellenv_fish PASSED [  2%]
trailhead/tests/test_compose.py::TestAlwaysOnSet::test_returns_plan PASSED [  2%]
trailhead/tests/test_compose.py::TestAlwaysOnSet::test_contains_claude_plugin PASSED [  2%]
trailhead/tests/test_compose.py::TestAlwaysOnSet::test_contains_base_and_hooks_dir PASSED [  2%]
trailhead/tests/test_compose.py::TestAlwaysOnSet::test_empty_selection_exact_count PASSED [  2%]
trailhead/tests/test_compose.py::TestAlwaysOnSet::test_no_selectable_dirs_in_empty_plan PASSED [  2%]
trailhead/tests/test_compose.py::TestNameSelection::test_selected_skill_dir_in_plan PASSED [  2%]
trailhead/tests/test_compose.py::TestNameSelection::test_selected_subagent_file_in_plan PASSED [  2%]
trailhead/tests/test_compose.py::TestNameSelection::test_src_under_plugin_root_for_in_repo PASSED [  2%]
trailhead/tests/test_compose.py::TestNameSelection::test_unknown_skill_raises PASSED [  2%]
trailhead/tests/test_compose.py::TestNameSelection::test_unknown_subagent_raises PASSED [  2%]
trailhead/tests/test_compose.py::TestOverrides::test_subagent_file_override_lands_at_canonical_path PASSED [  2%]
trailhead/tests/test_compose.py::TestOverrides::test_skill_file_override_lands_as_skill_md PASSED [  2%]
trailhead/tests/test_compose.py::TestOverrides::test_skill_dir_override_copies_whole_tree PASSED [  2%]
trailhead/tests/test_compose.py::TestOverrides::test_override_path_outside_repo_is_allowed PASSED [  2%]
trailhead/tests/test_compose.py::TestOverrides::test_missing_override_raises PASSED [  2%]
trailhead/tests/test_compose.py::TestDedupCollision::test_collision_detected PASSED [  2%]
trailhead/tests/test_compose.py::TestDedupCollision::test_same_src_no_collision PASSED [  2%]
trailhead/tests/test_compose.py::TestDedupCollision::test_base_relisted_as_skill_dedups PASSED [  2%]
trailhead/tests/test_compose.py::TestPurity::test_compose_plan_creates_nothing PASSED [  2%]
trailhead/tests/test_compose.py::TestApply::test_roundtrip_structural_validity PASSED [  3%]
trailhead/tests/test_compose.py::TestApply::test_excludes_pycache_cruft PASSED [  3%]
trailhead/tests/test_compose.py::TestApply::test_symlink_not_preserved PASSED [  3%]
trailhead/tests/test_compose.py::TestDestConfinement::test_override_cannot_escape_dest PASSED [  3%]
trailhead/tests/test_compose.py::TestNoHooksJson::test_plan_omits_hooks_when_absent PASSED [  3%]
trailhead/tests/test_compose_agents.py::TestSubagentSelection::test_selected_subagents_are_file_ops PASSED [  3%]
trailhead/tests/test_compose_agents.py::TestSubagentSelection::test_unselected_subagents_absent PASSED [  3%]
trailhead/tests/test_compose_agents.py::TestSubagentSelection::test_empty_selection_has_no_agents PASSED [  3%]
trailhead/tests/test_compose_agents.py::TestSubagentApply::test_subagent_lands_and_content_preserved PASSED [  3%]
trailhead/tests/test_compose_agents.py::TestSubagentApply::test_no_symlinks_in_tree PASSED [  3%]
trailhead/tests/test_dev_marketplace.py::TestRootMarketplaceShape::test_root_marketplace_exists PASSED [  3%]
trailhead/tests/test_dev_marketplace.py::TestRootMarketplaceShape::test_root_marketplace_parses PASSED [  3%]
trailhead/tests/test_dev_marketplace.py::TestRootMarketplaceShape::test_root_marketplace_name_is_trailhead_local PASSED [  3%]
trailhead/tests/test_dev_marketplace.py::TestRootMarketplaceShape::test_root_marketplace_has_five_plugins PASSED [  3%]
trailhead/tests/test_dev_marketplace.py::TestRootMarketplaceShape::test_root_marketplace_plugin_names PASSED [  3%]
trailhead/tests/test_dev_marketplace.py::TestRootMarketplaceShape::test_every_source_starts_with_tools PASSED [  3%]
trailhead/tests/test_dev_marketplace.py::TestRootMarketplaceShape::test_every_source_resolves_to_plugin_json PASSED [  3%]
trailhead/tests/test_dev_marketplace.py::TestPerToolMarketplacesDeleted::test_per_tool_marketplace_absent[lore] PASSED [  3%]
trailhead/tests/test_dev_marketplace.py::TestPerToolMarketplacesDeleted::test_per_tool_marketplace_absent[camp] PASSED [  3%]
trailhead/tests/test_dev_marketplace.py::TestPerToolMarketplacesDeleted::test_per_tool_marketplace_absent[craft] PASSED [  3%]
trailhead/tests/test_dev_marketplace.py::TestPerToolMarketplacesDeleted::test_per_tool_marketplace_absent[portage] PASSED [  3%]
trailhead/tests/test_dev_marketplace.py::TestPerToolMarketplacesDeleted::test_per_tool_marketplace_absent[landing] PASSED [  3%]
trailhead/tests/test_dev_marketplace.py::TestRepoWideGrepGuard::test_no_trailhead_tool_marketplace_names PASSED [  3%]
trailhead/tests/test_dev_marketplace.py::TestRepoWideGrepGuard::test_no_at_trailhead_tool_install_refs PASSED [  3%]
trailhead/tests/test_dev_marketplace.py::TestRepoWideGrepGuard::test_no_tool_local_install_refs_in_docs PASSED [  3%]
trailhead/tests/test_doctor.py::TestEmpty::test_exit_zero_with_no_state PASSED [  3%]
trailhead/tests/test_doctor.py::TestEmpty::test_human_output_mentions_no_harnesses PASSED [  3%]
trailhead/tests/test_doctor.py::TestReport::test_reports_installed_tools PASSED [  4%]
trailhead/tests/test_doctor.py::TestReport::test_clis_reported_from_which PASSED [  4%]
trailhead/tests/test_doctor.py::TestReport::test_python_version_reported PASSED [  4%]
trailhead/tests/test_doctor.py::TestReport::test_exit_zero_even_when_cli_missing PASSED [  4%]
trailhead/tests/test_doctor.py::TestReport::test_shim_dir_presence PASSED [  4%]
trailhead/tests/test_harness.py::TestFactory::test_known_names_includes_claude_code PASSED [  4%]
trailhead/tests/test_harness.py::TestFactory::test_get_harness_returns_instance PASSED [  4%]
trailhead/tests/test_harness.py::TestFactory::test_alias_claude_resolves_to_claude_code PASSED [  4%]
trailhead/tests/test_harness.py::TestFactory::test_unknown_harness_raises PASSED [  4%]
trailhead/tests/test_harness.py::TestFactory::test_resolve_harnesses_dedupes_by_canonical_name PASSED [  4%]
trailhead/tests/test_harness.py::TestFactory::test_resolve_harnesses_preserves_order PASSED [  4%]
trailhead/tests/test_harness.py::TestDetection::test_detect_true_when_claude_dir_present PASSED [  4%]
trailhead/tests/test_harness.py::TestDetection::test_detect_false_when_absent PASSED [  4%]
trailhead/tests/test_harness.py::TestDetection::test_detect_honors_explicit_override PASSED [  4%]
trailhead/tests/test_harness.py::TestDetection::test_detect_harnesses_finds_claude_code PASSED [  4%]
trailhead/tests/test_harness.py::TestDetection::test_detect_harnesses_empty_when_none_present PASSED [  4%]
trailhead/tests/test_harness.py::TestComposedRoot::test_per_harness_root PASSED [  4%]
trailhead/tests/test_harness.py::TestMarkers::test_is_registered_reads_marker PASSED [  4%]
trailhead/tests/test_harness.py::TestMarkers::test_is_installed_reads_per_tool_marker PASSED [  4%]
trailhead/tests/test_harness.py::TestDelegationToRegistry::test_generate_manifest_writes_marketplace PASSED [  4%]
trailhead/tests/test_harness.py::TestDelegationToRegistry::test_register_and_install_use_runner PASSED [  4%]
trailhead/tests/test_install.py::TestDetectionDrivenInstall::test_returns_zero_when_harness_detected PASSED [  4%]
trailhead/tests/test_install.py::TestDetectionDrivenInstall::test_wire_called_once_per_detected_harness PASSED [  4%]
trailhead/tests/test_install.py::TestDetectionDrivenInstall::test_wire_selection_contains_all_plugins PASSED [  4%]
trailhead/tests/test_install.py::TestDetectionDrivenInstall::test_clis_installed PASSED [  4%]
trailhead/tests/test_install.py::TestDetectionDrivenInstall::test_summary_prints_shellenv_hint PASSED [  4%]
trailhead/tests/test_install.py::TestCliOverrides::test_plugin_replaces_selection PASSED [  4%]
trailhead/tests/test_install.py::TestCliOverrides::test_harness_flag_used_without_detection PASSED [  4%]
trailhead/tests/test_install.py::TestCliOverrides::test_no_camp_skips_camp_cli PASSED [  5%]
trailhead/tests/test_install.py::TestCliOverrides::test_no_lore_skips_lore_cli PASSED [  5%]
trailhead/tests/test_install.py::TestCliOverrides::test_no_camp_and_no_lore_skips_pathint_entirely PASSED [  5%]
trailhead/tests/test_install.py::TestNoHarness::test_no_harness_exits_nonzero PASSED [  5%]
trailhead/tests/test_install.py::TestNoHarness::test_no_harness_still_installs_clis PASSED [  5%]
trailhead/tests/test_install.py::TestErrors::test_unknown_plugin_exits_nonzero PASSED [  5%]
trailhead/tests/test_install.py::TestErrors::test_wire_error_exits_nonzero PASSED [  5%]
trailhead/tests/test_install.py::TestJsonOutput::test_json_summary_shape PASSED [  5%]
trailhead/tests/test_install.py::TestJsonOutput::test_json_no_harness_flag PASSED [  5%]
trailhead/tests/test_install_config.py::TestConfigPath::test_default_is_config_default_toml PASSED [  5%]
trailhead/tests/test_install_config.py::TestConfigPath::test_relative_resolves_under_config_dir PASSED [  5%]
trailhead/tests/test_install_config.py::TestConfigPath::test_absolute_respected PASSED [  5%]
trailhead/tests/test_install_config.py::TestFlagsAndDefaults::test_defaults_true_with_no_config PASSED [  5%]
trailhead/tests/test_install_config.py::TestFlagsAndDefaults::test_no_camp_flag PASSED [  5%]
trailhead/tests/test_install_config.py::TestFlagsAndDefaults::test_no_lore_flag PASSED [  5%]
trailhead/tests/test_install_config.py::TestFlagsAndDefaults::test_config_can_set_install_flags PASSED [  5%]
trailhead/tests/test_install_config.py::TestFlagsAndDefaults::test_cli_no_lore_overrides_config_true PASSED [  5%]
trailhead/tests/test_install_config.py::TestHarnessResolution::test_detected_used_when_no_cli_or_config PASSED [  5%]
trailhead/tests/test_install_config.py::TestHarnessResolution::test_cli_alias_canonicalized PASSED [  5%]
trailhead/tests/test_install_config.py::TestHarnessResolution::test_cli_overrides_detection PASSED [  5%]
trailhead/tests/test_install_config.py::TestHarnessResolution::test_config_blocks_used_when_no_cli PASSED [  5%]
trailhead/tests/test_install_config.py::TestHarnessResolution::test_no_harness_anywhere_yields_empty PASSED [  5%]
trailhead/tests/test_install_config.py::TestHarnessResolution::test_unknown_harness_raises PASSED [  5%]
trailhead/tests/test_install_config.py::TestPluginExpansion::test_string_plugin_expands_to_all PASSED [  5%]
trailhead/tests/test_install_config.py::TestPluginExpansion::test_top_level_plugins_default PASSED [  5%]
trailhead/tests/test_install_config.py::TestPluginExpansion::test_no_plugins_anywhere_defaults_to_all_known PASSED [  5%]
trailhead/tests/test_install_config.py::TestPluginExpansion::test_per_harness_plugins_override_top_level PASSED [  5%]
trailhead/tests/test_install_config.py::TestPluginExpansion::test_cli_plugins_replace PASSED [  5%]
trailhead/tests/test_install_config.py::TestPluginExpansion::test_map_form_with_named_subset PASSED [  6%]
trailhead/tests/test_install_config.py::TestPluginExpansion::test_map_form_missing_keys_means_all PASSED [  6%]
trailhead/tests/test_install_config.py::TestPluginExpansion::test_override_file_path_captured PASSED [  6%]
trailhead/tests/test_install_config.py::TestValidation::test_unknown_plugin_raises PASSED [  6%]
trailhead/tests/test_install_config.py::TestValidation::test_unknown_subagent_raises PASSED [  6%]
trailhead/tests/test_install_config.py::TestValidation::test_unknown_skill_raises PASSED [  6%]
trailhead/tests/test_install_config.py::TestValidation::test_missing_config_file_raises PASSED [  6%]
trailhead/tests/test_install_config.py::TestValidation::test_malformed_toml_raises PASSED [  6%]
trailhead/tests/test_install_config.py::TestSelectionBridge::test_selection_shape_matches_wire PASSED [  6%]
trailhead/tests/test_install_config.py::TestShippedDefault::test_default_toml_resolves_all_plugins PASSED [  6%]
trailhead/tests/test_landing_links_real.py::TestClaimsManifestSchema::test_claims_file_exists PASSED [  6%]
trailhead/tests/test_landing_links_real.py::TestClaimsManifestSchema::test_claims_file_parses_as_toml PASSED [  6%]
trailhead/tests/test_landing_links_real.py::TestClaimsManifestSchema::test_claims_entries_have_required_fields PASSED [  6%]
trailhead/tests/test_landing_links_real.py::TestClaimsManifestSchema::test_claims_entries_have_valid_kind PASSED [  6%]
trailhead/tests/test_landing_links_real.py::TestClaimsManifestSchema::test_unknown_kind_synthetic_raises_named_assertion PASSED [  6%]
trailhead/tests/test_landing_links_real.py::TestClaimsManifestSchema::test_positioning_kind_is_skipped_not_rejected PASSED [  6%]
trailhead/tests/test_landing_links_real.py::TestClaimsManifestSchema::test_allowlisted_example_kind_is_skipped_not_rejected PASSED [  6%]
trailhead/tests/test_landing_links_real.py::TestForwardCheckPositive::test_real_command_claim_passes PASSED [  6%]
trailhead/tests/test_landing_links_real.py::TestForwardCheckPositive::test_real_skill_claim_passes PASSED [  6%]
trailhead/tests/test_landing_links_real.py::TestForwardCheckPositive::test_real_agent_claim_passes PASSED [  6%]
trailhead/tests/test_landing_links_real.py::TestForwardCheckPositive::test_real_doc_link_claim_passes PASSED [  6%]
trailhead/tests/test_landing_links_real.py::TestForwardCheckNegative::test_nonexistent_command_fails_with_named_assertion PASSED [  6%]
trailhead/tests/test_landing_links_real.py::TestForwardCheckNegative::test_nonexistent_skill_fails_with_named_assertion PASSED [  6%]
trailhead/tests/test_landing_links_real.py::TestForwardCheckNegative::test_nonexistent_agent_fails_with_named_assertion PASSED [  6%]
trailhead/tests/test_landing_links_real.py::TestForwardCheckNegative::test_nonexistent_doc_link_fails_with_named_assertion PASSED [  6%]
trailhead/tests/test_landing_links_real.py::TestBuildRealAnchorSet::test_returns_non_empty_dict PASSED [  6%]
trailhead/tests/test_landing_links_real.py::TestBuildRealAnchorSet::test_known_tools_present PASSED [  6%]
trailhead/tests/test_landing_links_real.py::TestBuildRealAnchorSet::test_lore_finish_skill_present PASSED [  7%]
trailhead/tests/test_landing_links_real.py::TestBuildRealAnchorSet::test_lore_librarian_agent_present PASSED [  7%]
trailhead/tests/test_landing_links_real.py::TestBuildRealAnchorSet::test_craft_execute_skill_present PASSED [  7%]
trailhead/tests/test_landing_links_real.py::TestBuildRealAnchorSet::test_craft_assumption_prover_agent_present PASSED [  7%]
trailhead/tests/test_landing_links_real.py::TestBuildRealAnchorSet::test_craft_artist_agent_present PASSED [  7%]
trailhead/tests/test_landing_links_real.py::TestBuildRealAnchorSet::test_camp_has_no_skills_or_agents PASSED [  7%]
trailhead/tests/test_landing_links_real.py::TestBuildRealAnchorSet::test_result_is_stable_across_calls PASSED [  7%]
trailhead/tests/test_landing_links_real.py::TestBuildRealAnchorSet::test_build_real_anchor_set_raises_on_validate_false_manifest PASSED [  7%]
trailhead/tests/test_landing_links_real.py::TestBuildRealAnchorSet::test_build_real_anchor_set_accepts_injected_root PASSED [  7%]
trailhead/tests/test_landing_links_real.py::TestForwardCheckOverRealClaims::test_all_claims_resolve PASSED [  7%]
trailhead/tests/test_landing_links_real.py::TestExtractFencedCommands::test_extracts_command_from_sh_block PASSED [  7%]
trailhead/tests/test_landing_links_real.py::TestExtractFencedCommands::test_extracts_command_from_bash_block PASSED [  7%]
trailhead/tests/test_landing_links_real.py::TestExtractFencedCommands::test_bare_prose_mention_not_extracted PASSED [  7%]
trailhead/tests/test_landing_links_real.py::TestExtractFencedCommands::test_plain_fenced_block_not_extracted PASSED [  7%]
trailhead/tests/test_landing_links_real.py::TestExtractFencedCommands::test_lore_command_extracted PASSED [  7%]
trailhead/tests/test_landing_links_real.py::TestExtractFencedCommands::test_multiple_commands_extracted PASSED [  7%]
trailhead/tests/test_landing_links_real.py::TestExtractFencedCommands::test_result_is_set PASSED [  7%]
trailhead/tests/test_landing_links_real.py::TestExtractFencedCommands::test_sorted_result_is_deterministic PASSED [  7%]
trailhead/tests/test_landing_links_real.py::TestExtractRelativeLinks::test_extracts_dot_slash_link PASSED [  7%]
trailhead/tests/test_landing_links_real.py::TestExtractRelativeLinks::test_extracts_dot_dot_slash_link PASSED [  7%]
trailhead/tests/test_landing_links_real.py::TestExtractRelativeLinks::test_absolute_https_link_not_extracted PASSED [  7%]
trailhead/tests/test_landing_links_real.py::TestExtractRelativeLinks::test_anchor_link_not_extracted PASSED [  7%]
trailhead/tests/test_landing_links_real.py::TestExtractRelativeLinks::test_non_relative_bare_path_not_extracted PASSED [  7%]
trailhead/tests/test_landing_links_real.py::TestExtractRelativeLinks::test_sorted_result_is_deterministic PASSED [  7%]
trailhead/tests/test_landing_links_real.py::TestCheckInverseFixtures::test_registered_command_and_link_pass PASSED [  7%]
trailhead/tests/test_landing_links_real.py::TestCheckInverseFixtures::test_unregistered_fenced_command_fails_named_assertion PASSED [  7%]
trailhead/tests/test_landing_links_real.py::TestCheckInverseFixtures::test_unregistered_relative_link_fails PASSED [  7%]
trailhead/tests/test_landing_links_real.py::TestCheckInverseFixtures::test_traversal_link_fails_escapes_repo_root PASSED [  7%]
trailhead/tests/test_landing_links_real.py::TestCheckInverseFixtures::test_allowlisted_example_does_not_fail PASSED [  8%]
trailhead/tests/test_landing_links_real.py::TestCheckInverseFixtures::test_bare_prose_not_flagged PASSED [  8%]
trailhead/tests/test_landing_links_real.py::TestCheckInverseFixtures::test_skill_claim_satisfies_fenced_command PASSED [  8%]
trailhead/tests/test_landing_links_real.py::TestCheckInverseFixtures::test_existing_relative_link_passes PASSED [  8%]
trailhead/tests/test_landing_links_real.py::TestCheckInverseFixtures::test_sorted_extraction_determinism PASSED [  8%]
trailhead/tests/test_landing_links_real.py::TestCheckInverseFixtures::test_registered_doc_link_to_absent_file_passes_via_registration PASSED [  8%]
trailhead/tests/test_landing_links_real.py::TestCheckInverseFixtures::test_unregistered_absent_link_still_fails_after_normalization PASSED [  8%]
trailhead/tests/test_landing_links_real.py::TestCheckInverseFixtures::test_link_with_title_attribute_does_not_leak_into_path PASSED [  8%]
trailhead/tests/test_landing_links_real.py::TestRealReadmeInverseScan::test_all_real_readmes_pass_inverse_check PASSED [  8%]
trailhead/tests/test_landing_links_real.py::TestLoreRecallHonestyGuards::test_lore_readme_contains_recall_areas_positive FAILED [  8%]
trailhead/tests/test_landing_links_real.py::TestLoreRecallHonestyGuards::test_lore_readme_no_branch_keyword_recall_as_live_feature PASSED [  8%]
trailhead/tests/test_landing_links_real.py::TestLoreRecallHonestyGuards::test_lore_readme_no_semantic_recall_as_built_feature PASSED [  8%]
trailhead/tests/test_landing_links_real.py::TestNoToolReadmePypiLine::test_no_pip_install_trailhead_line[lore] PASSED [  8%]
trailhead/tests/test_landing_links_real.py::TestNoToolReadmePypiLine::test_no_pip_install_trailhead_line[craft] PASSED [  8%]
trailhead/tests/test_landing_links_real.py::TestNoToolReadmePypiLine::test_no_pip_install_trailhead_line[camp] PASSED [  8%]
trailhead/tests/test_landing_links_real.py::TestRootReadmeNoPypiLine::test_root_readme_no_pip_install_trailhead PASSED [  8%]
trailhead/tests/test_landing_links_real.py::TestRootReadmeNoSemanticRecallOversell::test_root_readme_no_unqualified_semantic_recall PASSED [  8%]
trailhead/tests/test_landing_links_real.py::TestRootReadmeStructuralGuard::test_lore_lead_appears_before_multi_tool_table PASSED [  8%]
trailhead/tests/test_landing_links_real.py::TestLandingSurfaceLeakGate::test_positive_gate_landing_surface_is_clean PASSED [  8%]
trailhead/tests/test_landing_links_real.py::TestLandingSurfaceLeakGate::test_negative_twin_seeded_token_exits_1 PASSED [  8%]
trailhead/tests/test_landing_links_real.py::TestLandingSurfaceLeakGate::test_negative_twin_brain_path_exits_1 PASSED [  8%]
trailhead/tests/test_landing_links_real.py::TestLandingSurfaceLeakGate::test_negative_twin_ws_id_exits_1 PASSED [  8%]
trailhead/tests/test_landing_links_real.py::TestLandingSurfaceLeakGate::test_fail_closed_missing_path_exits_2 PASSED [  8%]
trailhead/tests/test_landing_links_real.py::TestLandingSurfaceLeakGate::test_fail_closed_empty_denylist_exits_2 PASSED [  8%]
trailhead/tests/test_landing_links_real.py::TestLandingSurfaceLeakGate::test_legitimate_vocabulary_not_flagged PASSED [  8%]
trailhead/tests/test_landing_links_real.py::TestNoDivCollapseGuard::test_root_readme_does_not_claim_group_workspace PASSED [  8%]
trailhead/tests/test_lean_report_contract.py::TestExecutorHeadSection::test_head_template_names_field[status:] PASSED [  8%]
trailhead/tests/test_lean_report_contract.py::TestExecutorHeadSection::test_head_template_names_field[files:] PASSED [  8%]
trailhead/tests/test_lean_report_contract.py::TestExecutorHeadSection::test_head_template_names_field[review:] PASSED [  9%]
trailhead/tests/test_lean_report_contract.py::TestExecutorHeadSection::test_head_template_names_field[blocking:] PASSED [  9%]
trailhead/tests/test_lean_report_contract.py::TestExecutorHeadSection::test_head_template_names_field[unknowns:] PASSED [  9%]
trailhead/tests/test_lean_report_contract.py::TestExecutorHeadSection::test_head_template_names_field[cleanup:] PASSED [  9%]
trailhead/tests/test_lean_report_contract.py::TestExecutorHeadSection::test_head_template_contains_all_six_fields PASSED [  9%]
trailhead/tests/test_lean_report_contract.py::TestExecutorTailDirective::test_tail_directive_references_commit_body PASSED [  9%]
trailhead/tests/test_lean_report_contract.py::TestExecutorTailDirective::test_tail_directive_states_not_returned_or_not_echoed PASSED [  9%]
trailhead/tests/test_lean_report_contract.py::TestExecutorSplitNegative::test_tail_heading_not_in_head[What I built] PASSED [  9%]
trailhead/tests/test_lean_report_contract.py::TestExecutorSplitNegative::test_tail_heading_not_in_head[Self-review findings] PASSED [  9%]
trailhead/tests/test_lean_report_contract.py::TestExecutorSplitNegative::test_tail_heading_not_in_head[Files changed] PASSED [  9%]
trailhead/tests/test_lean_report_contract.py::TestExecutorSplitNegative::test_tail_heading_not_in_head[Surprises] PASSED [  9%]
trailhead/tests/test_lean_report_contract.py::TestExecutorSplitNegative::test_durable_tail_template_retains_heading[What I built] PASSED [  9%]
trailhead/tests/test_lean_report_contract.py::TestExecutorSplitNegative::test_durable_tail_template_retains_heading[Self-review findings] PASSED [  9%]
trailhead/tests/test_lean_report_contract.py::TestExecutorSplitNegative::test_durable_tail_template_retains_heading[Files changed] PASSED [  9%]
trailhead/tests/test_lean_report_contract.py::TestExecutorSplitNegative::test_durable_tail_template_retains_heading[Surprises] PASSED [  9%]
trailhead/tests/test_lean_report_contract.py::TestExecutorSplitNegative::test_tests_field_not_in_controller_head PASSED [  9%]
trailhead/tests/test_lean_report_contract.py::TestHarvestCandidatesIsLast::test_harvest_candidates_exists PASSED [  9%]
trailhead/tests/test_lean_report_contract.py::TestHarvestCandidatesIsLast::test_harvest_candidates_is_last_double_hash_section PASSED [  9%]
trailhead/tests/test_lean_report_contract.py::TestSecurityEscalationInHead::test_head_or_step8_describes_security_escalation_path PASSED [  9%]
trailhead/tests/test_lean_report_contract.py::TestCodeReviewerVerdictLine::test_agent_contains_verdict_line PASSED [  9%]
trailhead/tests/test_lean_report_contract.py::TestCodeReviewerVerdictLine::test_skill_contains_verdict_line PASSED [  9%]
trailhead/tests/test_lean_report_contract.py::TestCodeReviewerHardCap::test_agent_contains_hard_cap_phrase PASSED [  9%]
trailhead/tests/test_lean_report_contract.py::TestCodeReviewerHardCap::test_skill_contains_hard_cap_phrase PASSED [  9%]
trailhead/tests/test_lean_report_contract.py::TestCodeReviewerHardCap::test_cap_phrase_is_bounded_by_number_and_unit PASSED [  9%]
trailhead/tests/test_lean_report_contract.py::TestCodeReviewerNegativeAbsence::test_agent_lacks_acknowledge_done_well PASSED [  9%]
trailhead/tests/test_lean_report_contract.py::TestCodeReviewerNegativeAbsence::test_skill_lacks_strengths_heading PASSED [  9%]
trailhead/tests/test_lean_report_contract.py::TestCodeReviewerNegativeAbsence::test_skill_lacks_acknowledge_strengths_instruction PASSED [  9%]
trailhead/tests/test_lean_report_contract.py::TestCodeReviewerNegativeAbsence::test_skill_lacks_assessment_ready_to_merge PASSED [ 10%]
trailhead/tests/test_lean_report_contract.py::TestCodeReviewerNegativeAbsence::test_agent_lacks_assessment_ready_to_merge PASSED [ 10%]
trailhead/tests/test_lean_report_contract.py::TestCodeReviewerSecurityEscalationInvariant::test_agent_contains_security_auditor_escalation PASSED [ 10%]
trailhead/tests/test_lean_report_contract.py::TestCodeReviewerSecurityEscalationInvariant::test_skill_contains_security_auditor_escalation PASSED [ 10%]
trailhead/tests/test_lean_report_contract.py::TestCodeReviewerSeverityLabelsInvariant::test_agent_contains_critical_label PASSED [ 10%]
trailhead/tests/test_lean_report_contract.py::TestCodeReviewerSeverityLabelsInvariant::test_agent_contains_important_label PASSED [ 10%]
trailhead/tests/test_lean_report_contract.py::TestCodeReviewerSeverityLabelsInvariant::test_agent_contains_minor_label PASSED [ 10%]
trailhead/tests/test_lean_report_contract.py::TestCodeReviewerSeverityLabelsInvariant::test_skill_contains_critical_label PASSED [ 10%]
trailhead/tests/test_lean_report_contract.py::TestCodeReviewerSeverityLabelsInvariant::test_skill_contains_important_label PASSED [ 10%]
trailhead/tests/test_lean_report_contract.py::TestCodeReviewerSeverityLabelsInvariant::test_skill_contains_minor_label PASSED [ 10%]
trailhead/tests/test_lean_report_contract.py::TestExecuteSkillSection4SinglePass::test_large_tier_single_combined_pass_directive PASSED [ 10%]
trailhead/tests/test_lean_report_contract.py::TestExecuteSkillSection4SinglePass::test_large_tier_second_pass_only_when_saturated_or_over_length PASSED [ 10%]
trailhead/tests/test_lean_report_contract.py::TestExecuteSkillSection4SinglePass::test_section4_contains_verdict_plus_critical_absorb_directive PASSED [ 10%]
trailhead/tests/test_lean_report_contract.py::TestExecuteSkillSection4SinglePass::test_section4_lacks_dispatch_code_reviewer_twice PASSED [ 10%]
trailhead/tests/test_lean_report_contract.py::TestExecuteSkillSection5WorkingSet::test_section5_names_current_slice_in_working_set PASSED [ 10%]
trailhead/tests/test_lean_report_contract.py::TestExecuteSkillSection5WorkingSet::test_section5_names_unknowns_checklist_in_working_set PASSED [ 10%]
trailhead/tests/test_lean_report_contract.py::TestExecuteSkillSection5WorkingSet::test_section5_states_does_not_reread_full_plan PASSED [ 10%]
trailhead/tests/test_lean_report_contract.py::TestExecuteSkillSection5WorkingSet::test_section5_preserves_source_of_truth_language PASSED [ 10%]
trailhead/tests/test_lean_report_contract.py::TestExecuteSkillSection5WorkingSet::test_section5_preserves_draft_to_in_progress_status_flip PASSED [ 10%]
trailhead/tests/test_lean_report_contract.py::TestExecuteSkillHeadConsumerFieldCrossCheck::test_review_field_in_executor_head PASSED [ 10%]
trailhead/tests/test_lean_report_contract.py::TestExecuteSkillHeadConsumerFieldCrossCheck::test_blocking_field_in_executor_head PASSED [ 10%]
trailhead/tests/test_lean_report_contract.py::TestExecuteSkillHeadConsumerFieldCrossCheck::test_unknowns_field_in_executor_head PASSED [ 10%]
trailhead/tests/test_lean_report_contract.py::TestExecuteSkillHeadConsumerFieldCrossCheck::test_cleanup_field_in_executor_head PASSED [ 10%]
trailhead/tests/test_orchestration_hardening.py::TestCliErrorGuard::test_named_error_produces_clean_stderr PASSED [ 10%]
trailhead/tests/test_orchestration_hardening.py::TestCliErrorGuard::test_generic_exception_produces_clean_stderr PASSED [ 10%]
trailhead/tests/test_orchestration_hardening.py::TestPathintFailureIsWarning::test_install_exits_zero_when_pathint_fails PASSED [ 10%]
trailhead/tests/test_orchestration_hardening.py::TestSharedWireLock::test_install_blocked_when_lock_held PASSED [ 10%]
trailhead/tests/test_orchestration_hardening.py::TestEnvNoneFallback::test_run_install_env_none_does_not_raise PASSED [ 10%]
trailhead/tests/test_orchestration_hardening.py::TestEnvNoneFallback::test_run_uninstall_env_none_does_not_raise PASSED [ 11%]
trailhead/tests/test_package_shape.py::test_import_trailhead_from_repo_root PASSED [ 11%]
trailhead/tests/test_package_shape.py::test_import_trailhead_paths_from_repo_root PASSED [ 11%]
trailhead/tests/test_package_shape.py::test_bin_trailhead_version_no_pip PASSED [ 11%]
trailhead/tests/test_package_shape.py::test_bin_camp_version_no_pip PASSED [ 11%]
trailhead/tests/test_package_shape.py::test_lore_not_importable PASSED   [ 11%]
trailhead/tests/test_package_shape.py::test_craft_not_importable PASSED  [ 11%]
trailhead/tests/test_pathint.py::TestResolveShimDir::test_under_state_dir PASSED [ 11%]
trailhead/tests/test_pathint.py::TestResolveShimDir::test_pure_does_not_create PASSED [ 11%]
trailhead/tests/test_pathint.py::TestCreateShims::test_creates_one_shim_per_tool PASSED [ 11%]
trailhead/tests/test_pathint.py::TestCreateShims::test_shim_is_executable PASSED [ 11%]
trailhead/tests/test_pathint.py::TestCreateShims::test_shim_hardcodes_trailhead_root_and_exec PASSED [ 11%]
trailhead/tests/test_pathint.py::TestCreateShims::test_denylisted_name_rejected PASSED [ 11%]
trailhead/tests/test_pathint.py::TestCreateShims::test_only_selected_tools_shimmed PASSED [ 11%]
trailhead/tests/test_pathint.py::TestDetectShell::test_detects_from_shell_env[/usr/bin/fish-fish] PASSED [ 11%]
trailhead/tests/test_pathint.py::TestDetectShell::test_detects_from_shell_env[/bin/zsh-zsh] PASSED [ 11%]
trailhead/tests/test_pathint.py::TestDetectShell::test_detects_from_shell_env[/bin/bash-bash] PASSED [ 11%]
trailhead/tests/test_pathint.py::TestDetectShell::test_detects_from_shell_env[/usr/local/bin/weird-bash] PASSED [ 11%]
trailhead/tests/test_pathint.py::TestDetectShell::test_detects_from_shell_env[-bash] PASSED [ 11%]
trailhead/tests/test_pathint.py::TestShellenv::test_posix_exports_root_and_path PASSED [ 11%]
trailhead/tests/test_pathint.py::TestShellenv::test_bash_same_as_zsh PASSED [ 11%]
trailhead/tests/test_pathint.py::TestShellenv::test_fish_uses_set_gx_and_fish_add_path PASSED [ 11%]
trailhead/tests/test_pathint.py::TestShellenv::test_shell_detected_from_env_when_unspecified PASSED [ 11%]
trailhead/tests/test_pathint.py::TestShellenv::test_default_root_is_repo PASSED [ 11%]
trailhead/tests/test_paths.py::TestU2InjectionReachesAllBranches::test_linux_branch_reached_via_injection PASSED [ 11%]
trailhead/tests/test_paths.py::TestU2InjectionReachesAllBranches::test_macos_branch_reached_via_injection PASSED [ 11%]
trailhead/tests/test_paths.py::TestU2InjectionReachesAllBranches::test_windows_branch_reached_via_injection PASSED [ 11%]
trailhead/tests/test_paths.py::TestU2InjectionReachesAllBranches::test_unknown_platform_raises_named_error PASSED [ 11%]
trailhead/tests/test_paths.py::TestLinuxBranch::test_config_dir_uses_xdg_config_home_when_set PASSED [ 12%]
trailhead/tests/test_paths.py::TestLinuxBranch::test_config_dir_falls_back_to_dotconfig PASSED [ 12%]
trailhead/tests/test_paths.py::TestLinuxBranch::test_state_dir_uses_xdg_state_home_when_set PASSED [ 12%]
trailhead/tests/test_paths.py::TestLinuxBranch::test_state_dir_falls_back_to_local_state PASSED [ 12%]
trailhead/tests/test_paths.py::TestLinuxBranch::test_cache_dir_uses_xdg_cache_home_when_set PASSED [ 12%]
trailhead/tests/test_paths.py::TestLinuxBranch::test_cache_dir_falls_back_to_dotcache PASSED [ 12%]
trailhead/tests/test_paths.py::TestMacosBranch::test_config_dir_defaults_to_dotconfig PASSED [ 12%]
trailhead/tests/test_paths.py::TestMacosBranch::test_state_dir_defaults_to_local_state PASSED [ 12%]
trailhead/tests/test_paths.py::TestMacosBranch::test_cache_dir_defaults_to_dotcache PASSED [ 12%]
trailhead/tests/test_paths.py::TestMacosBranch::test_xdg_config_home_honored_on_macos_when_explicitly_set PASSED [ 12%]
trailhead/tests/test_paths.py::TestMacosBranch::test_xdg_state_home_honored_on_macos_when_explicitly_set PASSED [ 12%]
trailhead/tests/test_paths.py::TestMacosBranch::test_xdg_cache_home_honored_on_macos_when_explicitly_set PASSED [ 12%]
trailhead/tests/test_paths.py::TestMacosIgnoresLegacyLibrary::test_config_ignores_legacy_library_data PASSED [ 12%]
trailhead/tests/test_paths.py::TestMacosIgnoresLegacyLibrary::test_state_ignores_legacy_library_data PASSED [ 12%]
trailhead/tests/test_paths.py::TestMacosIgnoresLegacyLibrary::test_cache_ignores_legacy_library_caches PASSED [ 12%]
trailhead/tests/test_paths.py::TestWindowsBranch::test_config_dir_uses_appdata PASSED [ 12%]
trailhead/tests/test_paths.py::TestWindowsBranch::test_state_dir_uses_localappdata PASSED [ 12%]
trailhead/tests/test_paths.py::TestWindowsBranch::test_cache_dir_uses_localappdata PASSED [ 12%]
trailhead/tests/test_paths.py::TestWindowsBranch::test_unset_appdata_raises_named_error PASSED [ 12%]
trailhead/tests/test_paths.py::TestWindowsBranch::test_unset_localappdata_raises_named_error_for_state PASSED [ 12%]
trailhead/tests/test_paths.py::TestWindowsBranch::test_unset_localappdata_raises_named_error_for_cache PASSED [ 12%]
trailhead/tests/test_paths.py::TestPerAppEnvOverride::test_camp_state_dir_env_override_wins PASSED [ 12%]
trailhead/tests/test_paths.py::TestPerAppEnvOverride::test_camp_config_dir_env_override_wins PASSED [ 12%]
trailhead/tests/test_paths.py::TestPerAppEnvOverride::test_camp_cache_dir_env_override_wins PASSED [ 12%]
trailhead/tests/test_paths.py::TestPerAppEnvOverride::test_per_app_override_does_not_affect_other_apps PASSED [ 12%]
trailhead/tests/test_paths.py::TestUnknownOS::test_unknown_platform_config_raises_named_error PASSED [ 12%]
trailhead/tests/test_paths.py::TestUnknownOS::test_unknown_platform_state_raises_named_error PASSED [ 12%]
trailhead/tests/test_paths.py::TestUnknownOS::test_unknown_platform_cache_raises_named_error PASSED [ 13%]
trailhead/tests/test_paths.py::TestUnsetHome::test_unset_home_on_linux_raises_named_error PASSED [ 13%]
trailhead/tests/test_paths.py::TestUnsetHome::test_unset_home_on_macos_raises_named_error PASSED [ 13%]
trailhead/tests/test_paths.py::TestOverrideValidation::test_empty_xdg_config_home_is_ignored PASSED [ 13%]
trailhead/tests/test_paths.py::TestOverrideValidation::test_empty_xdg_state_home_is_ignored PASSED [ 13%]
trailhead/tests/test_paths.py::TestOverrideValidation::test_empty_per_app_override_is_ignored PASSED [ 13%]
trailhead/tests/test_paths.py::TestOverrideValidation::test_relative_xdg_config_home_raises_named_error PASSED [ 13%]
trailhead/tests/test_paths.py::TestOverrideValidation::test_relative_per_app_override_raises_named_error PASSED [ 13%]
trailhead/tests/test_paths.py::TestOverrideValidation::test_relative_xdg_cache_home_raises_named_error PASSED [ 13%]
trailhead/tests/test_paths.py::TestAppArgValidation::test_app_with_forward_slash_raises_named_error PASSED [ 13%]
trailhead/tests/test_paths.py::TestAppArgValidation::test_app_with_backslash_raises_named_error PASSED [ 13%]
trailhead/tests/test_paths.py::TestAppArgValidation::test_app_with_dotdot_raises_named_error PASSED [ 13%]
trailhead/tests/test_paths.py::TestAppArgValidation::test_app_with_os_sep_raises_named_error PASSED [ 13%]
trailhead/tests/test_paths.py::TestResolverPurity::test_config_dir_does_not_create_directory PASSED [ 13%]
trailhead/tests/test_paths.py::TestResolverPurity::test_state_dir_does_not_create_directory PASSED [ 13%]
trailhead/tests/test_paths.py::TestResolverPurity::test_cache_dir_does_not_create_directory PASSED [ 13%]
trailhead/tests/test_paths.py::TestResolverPurity::test_resolver_returns_path_object PASSED [ 13%]
trailhead/tests/test_paths.py::TestEnsureDir::test_ensure_dir_creates_directory PASSED [ 13%]
trailhead/tests/test_paths.py::TestEnsureDir::test_ensure_dir_sets_mode_0o700 PASSED [ 13%]
trailhead/tests/test_paths.py::TestEnsureDir::test_ensure_dir_returns_path PASSED [ 13%]
trailhead/tests/test_paths.py::TestEnsureDir::test_ensure_dir_is_idempotent PASSED [ 13%]
trailhead/tests/test_paths.py::TestEnsureDir::test_ensure_dir_respects_custom_mode PASSED [ 13%]
trailhead/tests/test_paths.py::TestCampConsumerContract::test_state_dir_camp_linux_returns_correct_path PASSED [ 13%]
trailhead/tests/test_paths.py::TestCampConsumerContract::test_config_dir_camp_linux_returns_correct_path PASSED [ 13%]
trailhead/tests/test_paths.py::TestCampConsumerContract::test_ensure_dir_creates_camp_state_dir PASSED [ 13%]
trailhead/tests/test_post_merge_handoff_parity.py::TestPostMergeHandoffParity::test_handoff_marker_has_group_toml_path PASSED [ 13%]
trailhead/tests/test_post_merge_handoff_parity.py::TestPostMergeHandoffParity::test_handoff_marker_covers_all_required_inputs PASSED [ 13%]
trailhead/tests/test_post_merge_handoff_parity.py::TestPostMergeHandoffParity::test_handoff_section_exists_in_monitor PASSED [ 13%]
trailhead/tests/test_post_merge_handoff_parity.py::TestPostMergeHandoffParity::test_inputs_section_exists_in_soaker PASSED [ 14%]
trailhead/tests/test_registry.py::TestGenerateMarketplaceJson::test_marketplace_json_written PASSED [ 14%]
trailhead/tests/test_registry.py::TestGenerateMarketplaceJson::test_marketplace_name_is_trailhead PASSED [ 14%]
trailhead/tests/test_registry.py::TestGenerateMarketplaceJson::test_marketplace_owner_name_is_trailhead PASSED [ 14%]
trailhead/tests/test_registry.py::TestGenerateMarketplaceJson::test_multi_tool_plugins_list PASSED [ 14%]
trailhead/tests/test_registry.py::TestGenerateMarketplaceJson::test_plugins_contain_correct_names PASSED [ 14%]
trailhead/tests/test_registry.py::TestGenerateMarketplaceJson::test_plugin_source_relative_to_plugins_subdir PASSED [ 14%]
trailhead/tests/test_registry.py::TestGenerateMarketplaceJson::test_plugins_list_is_deterministic PASSED [ 14%]
trailhead/tests/test_registry.py::TestGenerateMarketplaceJson::test_single_tool_is_valid PASSED [ 14%]
trailhead/tests/test_registry.py::TestGenerateMarketplaceJson::test_three_tools_all_present PASSED [ 14%]
trailhead/tests/test_registry.py::TestGenerateMarketplaceJson::test_claude_plugin_dir_created_automatically PASSED [ 14%]
trailhead/tests/test_registry.py::TestGenerateMarketplaceJson::test_atomic_write_no_partial_file PASSED [ 14%]
trailhead/tests/test_registry.py::TestGenerateMarketplaceJson::test_plugin_entries_have_description PASSED [ 14%]
trailhead/tests/test_registry.py::TestInputGuard::test_generate_rejects_invalid_tool_names[Lore] PASSED [ 14%]
trailhead/tests/test_registry.py::TestInputGuard::test_generate_rejects_invalid_tool_names[1lore] PASSED [ 14%]
trailhead/tests/test_registry.py::TestInputGuard::test_generate_rejects_invalid_tool_names[lore tool] PASSED [ 14%]
trailhead/tests/test_registry.py::TestInputGuard::test_generate_rejects_invalid_tool_names[lore/../etc] PASSED [ 14%]
trailhead/tests/test_registry.py::TestInputGuard::test_generate_rejects_invalid_tool_names[] PASSED [ 14%]
trailhead/tests/test_registry.py::TestInputGuard::test_generate_rejects_invalid_tool_names[lore@trailhead] PASSED [ 14%]
trailhead/tests/test_registry.py::TestInputGuard::test_generate_rejects_invalid_tool_names[CAMP] PASSED [ 14%]
trailhead/tests/test_registry.py::TestInputGuard::test_generate_rejects_invalid_tool_names[-lore] PASSED [ 14%]
trailhead/tests/test_registry.py::TestInputGuard::test_install_tool_rejects_invalid_tool_names[Lore] PASSED [ 14%]
trailhead/tests/test_registry.py::TestInputGuard::test_install_tool_rejects_invalid_tool_names[1lore] PASSED [ 14%]
trailhead/tests/test_registry.py::TestInputGuard::test_install_tool_rejects_invalid_tool_names[lore tool] PASSED [ 14%]
trailhead/tests/test_registry.py::TestInputGuard::test_install_tool_rejects_invalid_tool_names[] PASSED [ 14%]
trailhead/tests/test_registry.py::TestInputGuard::test_install_tool_rejects_invalid_tool_names[-lore] PASSED [ 14%]
trailhead/tests/test_registry.py::TestInputGuard::test_rewire_tool_rejects_invalid_tool_names[Lore] PASSED [ 14%]
trailhead/tests/test_registry.py::TestInputGuard::test_rewire_tool_rejects_invalid_tool_names[1lore] PASSED [ 14%]
trailhead/tests/test_registry.py::TestInputGuard::test_rewire_tool_rejects_invalid_tool_names[lore tool] PASSED [ 15%]
trailhead/tests/test_registry.py::TestInputGuard::test_rewire_tool_rejects_invalid_tool_names[] PASSED [ 15%]
trailhead/tests/test_registry.py::TestInputGuard::test_rewire_tool_rejects_invalid_tool_names[-lore] PASSED [ 15%]
trailhead/tests/test_registry.py::TestInputGuard::test_generate_accepts_valid_tool_names[lore] PASSED [ 15%]
trailhead/tests/test_registry.py::TestInputGuard::test_generate_accepts_valid_tool_names[camp] PASSED [ 15%]
trailhead/tests/test_registry.py::TestInputGuard::test_generate_accepts_valid_tool_names[craft] PASSED [ 15%]
trailhead/tests/test_registry.py::TestInputGuard::test_generate_accepts_valid_tool_names[lore-plugin] PASSED [ 15%]
trailhead/tests/test_registry.py::TestInputGuard::test_generate_accepts_valid_tool_names[tool123] PASSED [ 15%]
trailhead/tests/test_registry.py::TestInputGuard::test_generate_accepts_valid_tool_names[my-tool] PASSED [ 15%]
trailhead/tests/test_registry.py::TestRegisterMarketplace::test_register_marketplace_calls_marketplace_add PASSED [ 15%]
trailhead/tests/test_registry.py::TestRegisterMarketplace::test_register_marketplace_scope_user PASSED [ 15%]
trailhead/tests/test_registry.py::TestRegisterMarketplace::test_register_marketplace_writes_global_marker_on_success PASSED [ 15%]
trailhead/tests/test_registry.py::TestRegisterMarketplace::test_register_marketplace_no_marker_when_runner_raises PASSED [ 15%]
trailhead/tests/test_registry.py::TestRegisterMarketplace::test_register_marketplace_args_are_list PASSED [ 15%]
trailhead/tests/test_registry.py::TestRegisterMarketplace::test_register_marketplace_never_invokes_real_cli PASSED [ 15%]
trailhead/tests/test_registry.py::TestInstallTool::test_install_tool_calls_plugin_install PASSED [ 15%]
trailhead/tests/test_registry.py::TestInstallTool::test_install_tool_ref_is_trailhead_not_per_tool PASSED [ 15%]
trailhead/tests/test_registry.py::TestInstallTool::test_install_tool_scope_user PASSED [ 15%]
trailhead/tests/test_registry.py::TestInstallTool::test_install_tool_writes_per_tool_marker_on_success PASSED [ 15%]
trailhead/tests/test_registry.py::TestInstallTool::test_install_tool_no_marker_when_runner_raises PASSED [ 15%]
trailhead/tests/test_registry.py::TestInstallTool::test_install_tool_per_tool_markers_are_distinct PASSED [ 15%]
trailhead/tests/test_registry.py::TestInstallTool::test_install_tool_args_are_list PASSED [ 15%]
trailhead/tests/test_registry.py::TestInstallTool::test_install_tool_never_invokes_real_cli PASSED [ 15%]
trailhead/tests/test_registry.py::TestRewireTool::test_rewire_tool_calls_uninstall_then_install PASSED [ 15%]
trailhead/tests/test_registry.py::TestRewireTool::test_rewire_tool_does_not_call_plugin_update PASSED [ 15%]
trailhead/tests/test_registry.py::TestRewireTool::test_rewire_tool_uses_trailhead_ref PASSED [ 15%]
trailhead/tests/test_registry.py::TestRewireTool::test_rewire_tool_tolerates_uninstall_failure PASSED [ 15%]
trailhead/tests/test_registry.py::TestRewireTool::test_rewire_tool_clears_per_tool_marker_before_pair PASSED [ 16%]
trailhead/tests/test_registry.py::TestRewireTool::test_rewire_tool_rewrites_per_tool_marker_after_install PASSED [ 16%]
trailhead/tests/test_registry.py::TestRewireTool::test_rewire_tool_no_marker_when_install_raises PASSED [ 16%]
trailhead/tests/test_registry.py::TestRewireTool::test_rewire_tool_scope_user_on_both_calls PASSED [ 16%]
trailhead/tests/test_registry.py::TestRewireTool::test_rewire_tool_args_are_list PASSED [ 16%]
trailhead/tests/test_registry.py::TestRewireTool::test_rewire_tool_never_invokes_real_subprocess PASSED [ 16%]
trailhead/tests/test_registry.py::TestInjectableRunner::test_register_marketplace_has_injectable_runner PASSED [ 16%]
trailhead/tests/test_registry.py::TestInjectableRunner::test_install_tool_has_injectable_runner PASSED [ 16%]
trailhead/tests/test_registry.py::TestInjectableRunner::test_rewire_tool_has_injectable_runner PASSED [ 16%]
trailhead/tests/test_registry.py::TestUnregisterTool::test_calls_plugin_uninstall_consolidated_ref PASSED [ 16%]
trailhead/tests/test_registry.py::TestUnregisterTool::test_passes_keep_data_and_yes PASSED [ 16%]
trailhead/tests/test_registry.py::TestUnregisterTool::test_does_not_remove_marketplace PASSED [ 16%]
trailhead/tests/test_registry.py::TestUnregisterTool::test_clears_per_tool_marker PASSED [ 16%]
trailhead/tests/test_registry.py::TestUnregisterTool::test_clears_per_tool_marker_even_if_runner_raises PASSED [ 16%]
trailhead/tests/test_registry.py::TestUnregisterTool::test_validates_tool_name PASSED [ 16%]
trailhead/tests/test_registry.py::TestUnregisterMarketplace::test_calls_marketplace_remove_trailhead PASSED [ 16%]
trailhead/tests/test_registry.py::TestUnregisterMarketplace::test_clears_global_marker PASSED [ 16%]
trailhead/tests/test_registry.py::TestUnregisterMarketplace::test_clears_global_marker_even_if_runner_raises PASSED [ 16%]
trailhead/tests/test_renames_guard.py::TestGrepGuard::test_no_council_dash_references PASSED [ 16%]
trailhead/tests/test_renames_guard.py::TestGrepGuard::test_no_circle_dash_agent_references PASSED [ 16%]
trailhead/tests/test_renames_guard.py::TestGrepGuard::test_no_sdd_dash_references PASSED [ 16%]
trailhead/tests/test_renames_guard.py::TestGrepGuard::test_no_scout_references PASSED [ 16%]
trailhead/tests/test_renames_guard.py::TestGrepGuard::test_no_trailblazer_references PASSED [ 16%]
trailhead/tests/test_renames_guard.py::TestGrepGuard::test_no_subagent_driven_development_references PASSED [ 16%]
trailhead/tests/test_renames_guard.py::TestGrepGuard::test_no_lore_librarian_references PASSED [ 16%]
trailhead/tests/test_renames_guard.py::TestGrepGuard::test_no_loremaster_references PASSED [ 16%]
trailhead/tests/test_renames_guard.py::TestGrepGuard::test_no_skills_finished_references PASSED [ 16%]
trailhead/tests/test_renames_guard.py::TestGrepGuard::test_no_skills_review_lore_reference_in_manifest PASSED [ 16%]
trailhead/tests/test_renames_guard.py::TestGrepGuard::test_no_skills_review_lore_reference_in_skill_files PASSED [ 17%]
trailhead/tests/test_renames_guard.py::TestGrepGuard::test_no_circle_review_prose PASSED [ 17%]
trailhead/tests/test_renames_guard.py::TestGrepGuard::test_assumption_prover_agent_exists_with_matching_frontmatter PASSED [ 17%]
trailhead/tests/test_renames_guard.py::TestGrepGuard::test_executor_role_prose_in_execute_skill PASSED [ 17%]
trailhead/tests/test_renames_guard.py::TestForgeToCraftRenameForbids::test_no_bare_forge_word PASSED [ 17%]
trailhead/tests/test_renames_guard.py::TestForgeToCraftRenameForbids::test_no_forge_namespace_prefix PASSED [ 17%]
trailhead/tests/test_renames_guard.py::TestForgeToCraftRenameForbids::test_no_forge_local_marketplace PASSED [ 17%]
trailhead/tests/test_renames_guard.py::TestManifestValidation::test_lore_manifest_validates_after_rename PASSED [ 17%]
trailhead/tests/test_renames_guard.py::TestManifestValidation::test_craft_manifest_validates_after_rename PASSED [ 17%]
trailhead/tests/test_renames_guard.py::TestManifestValidation::test_lore_recall_references_tend_skill PASSED [ 17%]
trailhead/tests/test_renames_guard.py::TestManifestValidation::test_lore_recall_references_librarian_agent PASSED [ 17%]
trailhead/tests/test_renames_guard.py::TestManifestValidation::test_lore_sessions_references_finish_skill PASSED [ 17%]
trailhead/tests/test_renames_guard.py::TestManifestValidation::test_craft_execute_references_assumption_prover_and_executor PASSED [ 17%]
trailhead/tests/test_renames_guard.py::TestManifestValidation::test_craft_council_references_council_agents PASSED [ 17%]
trailhead/tests/test_renames_guard.py::TestCouncilAgentStandaloneDescriptions::test_council_agents_drop_council_only_gate PASSED [ 17%]
trailhead/tests/test_renames_guard.py::TestCouncilAgentStandaloneDescriptions::test_breaker_differentiates_from_troubleshooter PASSED [ 17%]
trailhead/tests/test_renames_guard.py::TestCouncilAgentStandaloneDescriptions::test_attacker_differentiates_from_security_auditor PASSED [ 17%]
trailhead/tests/test_renames_guard.py::TestResolveAllCapabilitiesOracle::test_lore_all_capabilities_resolve_to_existing_src PASSED [ 17%]
trailhead/tests/test_renames_guard.py::TestResolveAllCapabilitiesOracle::test_craft_all_capabilities_resolve_to_existing_src PASSED [ 17%]
trailhead/tests/test_renames_guard.py::TestNewAgentNamesInCompose::test_craft_council_compose_includes_council_agents PASSED [ 17%]
trailhead/tests/test_renames_guard.py::TestNewAgentNamesInCompose::test_craft_execute_compose_includes_assumption_prover_and_executor PASSED [ 17%]
trailhead/tests/test_renames_guard.py::TestNewAgentNamesInCompose::test_lore_recall_compose_includes_librarian PASSED [ 17%]
trailhead/tests/test_renames_guard.py::TestSkillDirsExist::test_lore_finish_skill_dir_exists PASSED [ 17%]
trailhead/tests/test_renames_guard.py::TestSkillDirsExist::test_lore_finish_frontmatter_name_matches_dir PASSED [ 17%]
trailhead/tests/test_renames_guard.py::TestSkillDirsExist::test_lore_finished_dir_gone PASSED [ 17%]
trailhead/tests/test_renames_guard.py::TestSkillDirsExist::test_lore_tend_skill_dir_exists PASSED [ 17%]
trailhead/tests/test_renames_guard.py::TestFrontmatterNameMatchesFilename::test_agent_frontmatter_name_matches_filename[librarian-path0] PASSED [ 17%]
trailhead/tests/test_renames_guard.py::TestFrontmatterNameMatchesFilename::test_agent_frontmatter_name_matches_filename[advocate-path1] PASSED [ 17%]
trailhead/tests/test_renames_guard.py::TestFrontmatterNameMatchesFilename::test_agent_frontmatter_name_matches_filename[builder-path2] PASSED [ 18%]
trailhead/tests/test_renames_guard.py::TestFrontmatterNameMatchesFilename::test_agent_frontmatter_name_matches_filename[breaker-path3] PASSED [ 18%]
trailhead/tests/test_renames_guard.py::TestFrontmatterNameMatchesFilename::test_agent_frontmatter_name_matches_filename[attacker-path4] PASSED [ 18%]
trailhead/tests/test_renames_guard.py::TestFrontmatterNameMatchesFilename::test_agent_frontmatter_name_matches_filename[assumption-prover-path5] PASSED [ 18%]
trailhead/tests/test_renames_guard.py::TestFrontmatterNameMatchesFilename::test_agent_frontmatter_name_matches_filename[executor-path6] PASSED [ 18%]
trailhead/tests/test_renames_guard.py::TestConsultSkillAndSharedCouncil::test_consult_skill_dir_exists_with_skill_md PASSED [ 18%]
trailhead/tests/test_renames_guard.py::TestConsultSkillAndSharedCouncil::test_consult_skill_is_registrable PASSED [ 18%]
trailhead/tests/test_renames_guard.py::TestConsultSkillAndSharedCouncil::test_consult_frontmatter_name_is_consult PASSED [ 18%]
trailhead/tests/test_renames_guard.py::TestConsultSkillAndSharedCouncil::test_council_include_exists PASSED [ 18%]
trailhead/tests/test_renames_guard.py::TestConsultSkillAndSharedCouncil::test_council_include_names_all_four_agents PASSED [ 18%]
trailhead/tests/test_renames_guard.py::TestConsultSkillAndSharedCouncil::test_council_include_stems_resolve_to_agent_files PASSED [ 18%]
trailhead/tests/test_renames_guard.py::TestConsultSkillAndSharedCouncil::test_consult_references_shared_council_include PASSED [ 18%]
trailhead/tests/test_renames_guard.py::TestConsultSkillAndSharedCouncil::test_planning_references_shared_council_include PASSED [ 18%]
trailhead/tests/test_renames_guard.py::TestConsultSkillAndSharedCouncil::test_planning_dispatches_council_directly_not_via_consult PASSED [ 18%]
trailhead/tests/test_renames_guard.py::TestConsultSkillAndSharedCouncil::test_craft_council_capability_includes_consult_skill PASSED [ 18%]
trailhead/tests/test_renames_guard.py::TestConsultSkillAndSharedCouncil::test_craft_council_compose_includes_consult_skill PASSED [ 18%]
trailhead/tests/test_renames_guard.py::TestPlanningExecuteHandoff::test_planning_names_craft_execute_as_handoff_target PASSED [ 18%]
trailhead/tests/test_renames_guard.py::TestPlanningExecuteHandoff::test_planning_handoff_trigger_is_not_self_referential PASSED [ 18%]
trailhead/tests/test_renames_guard.py::TestSlice4SkillRenameForbids::test_no_skills_followup_path PASSED [ 18%]
trailhead/tests/test_renames_guard.py::TestSlice4SkillRenameForbids::test_no_skills_handoff_path PASSED [ 18%]
trailhead/tests/test_renames_guard.py::TestSlice4SkillRenameForbids::test_no_skills_planning_path PASSED [ 18%]
trailhead/tests/test_renames_guard.py::TestSlice4SkillRenameForbids::test_no_requesting_code_review_token PASSED [ 18%]
trailhead/tests/test_renames_guard.py::TestSlice4SkillRenameForbids::test_no_forge_handoff_command_invocation PASSED [ 18%]
trailhead/tests/test_renames_guard.py::TestSlice4SkillRenameForbids::test_no_followup_command_invocation PASSED [ 18%]
trailhead/tests/test_renames_guard.py::TestSlice4SkillRenameForbids::test_no_followup_skill_name_frontmatter PASSED [ 18%]
trailhead/tests/test_renames_guard.py::TestSlice4SkillRenameForbids::test_no_handoff_skill_name_frontmatter PASSED [ 18%]
trailhead/tests/test_renames_guard.py::TestSlice4SkillRenameForbids::test_no_planning_skill_name_frontmatter PASSED [ 18%]
trailhead/tests/test_renames_guard.py::TestSlice4SkillRenameForbids::test_old_skill_dirs_gone PASSED [ 19%]
trailhead/tests/test_renames_guard.py::TestSlice4RenamedSkillsExistAndRegistrable::test_renamed_skill_dir_exists_with_skill_md[polish-skill_md0] PASSED [ 19%]
trailhead/tests/test_renames_guard.py::TestSlice4RenamedSkillsExistAndRegistrable::test_renamed_skill_dir_exists_with_skill_md[shelve-skill_md1] PASSED [ 19%]
trailhead/tests/test_renames_guard.py::TestSlice4RenamedSkillsExistAndRegistrable::test_renamed_skill_dir_exists_with_skill_md[plan-skill_md2] PASSED [ 19%]
trailhead/tests/test_renames_guard.py::TestSlice4RenamedSkillsExistAndRegistrable::test_renamed_skill_dir_exists_with_skill_md[review-skill_md3] PASSED [ 19%]
trailhead/tests/test_renames_guard.py::TestSlice4RenamedSkillsExistAndRegistrable::test_renamed_skill_is_registrable_with_matching_name[polish-skill_md0] PASSED [ 19%]
trailhead/tests/test_renames_guard.py::TestSlice4RenamedSkillsExistAndRegistrable::test_renamed_skill_is_registrable_with_matching_name[shelve-skill_md1] PASSED [ 19%]
trailhead/tests/test_renames_guard.py::TestSlice4RenamedSkillsExistAndRegistrable::test_renamed_skill_is_registrable_with_matching_name[plan-skill_md2] PASSED [ 19%]
trailhead/tests/test_renames_guard.py::TestSlice4RenamedSkillsExistAndRegistrable::test_renamed_skill_is_registrable_with_matching_name[review-skill_md3] PASSED [ 19%]
trailhead/tests/test_renames_guard.py::TestSlice4ManifestRepointed::test_base_skills_repointed_to_shelve_and_polish PASSED [ 19%]
trailhead/tests/test_renames_guard.py::TestSlice4ManifestRepointed::test_planning_capability_references_plan_skill PASSED [ 19%]
trailhead/tests/test_renames_guard.py::TestSlice4ManifestRepointed::test_review_capability_references_review_skill PASSED [ 19%]
trailhead/tests/test_renames_guard.py::TestSlice4ManifestRepointed::test_renamed_skills_compose_to_existing_src PASSED [ 19%]
trailhead/tests/test_renames_guard.py::TestSlice6RadarSkillDataForbids::test_no_skills_radar_path PASSED [ 19%]
trailhead/tests/test_renames_guard.py::TestSlice6RadarSkillDataForbids::test_no_skills_check_radar_path PASSED [ 19%]
trailhead/tests/test_renames_guard.py::TestSlice6RadarSkillDataForbids::test_no_check_radar_command_token PASSED [ 19%]
trailhead/tests/test_renames_guard.py::TestSlice6RadarSkillDataForbids::test_no_radar_due_helper_reference PASSED [ 19%]
trailhead/tests/test_renames_guard.py::TestSlice6RadarSkillDataForbids::test_no_type_radar_in_skills_or_templates PASSED [ 19%]
trailhead/tests/test_renames_guard.py::TestSlice6RadarSkillDataForbids::test_no_lore_new_radar_invocation PASSED [ 19%]
trailhead/tests/test_renames_guard.py::TestSlice6RadarSkillDataForbids::test_old_radar_skill_dirs_gone PASSED [ 19%]
trailhead/tests/test_renames_guard.py::TestSlice6RenamedSkillsExistAndRegistrable::test_renamed_skill_dir_exists_with_skill_md[follow-up-skill_md0] PASSED [ 19%]
trailhead/tests/test_renames_guard.py::TestSlice6RenamedSkillsExistAndRegistrable::test_renamed_skill_dir_exists_with_skill_md[check-in-skill_md1] PASSED [ 19%]
trailhead/tests/test_renames_guard.py::TestSlice6RenamedSkillsExistAndRegistrable::test_renamed_skill_is_registrable_with_matching_name[follow-up-skill_md0] PASSED [ 19%]
trailhead/tests/test_renames_guard.py::TestSlice6RenamedSkillsExistAndRegistrable::test_renamed_skill_is_registrable_with_matching_name[check-in-skill_md1] PASSED [ 19%]
trailhead/tests/test_renames_guard.py::TestSlice6ManifestAndTemplate::test_capture_capability_references_follow_up_and_check_in PASSED [ 19%]
trailhead/tests/test_renames_guard.py::TestSlice6ManifestAndTemplate::test_follow_up_template_exists_with_type_follow_up PASSED [ 19%]
trailhead/tests/test_renames_guard.py::TestSlice6ManifestAndTemplate::test_lore_manifest_validates_and_composes_capture PASSED [ 19%]
trailhead/tests/test_renames_guard.py::TestSlice7DeletionForbids::test_no_skills_reflect_path PASSED [ 19%]
trailhead/tests/test_renames_guard.py::TestSlice7DeletionForbids::test_no_reflect_sessions_helper PASSED [ 20%]
trailhead/tests/test_renames_guard.py::TestSlice7DeletionForbids::test_no_lore_reflect_command_or_name PASSED [ 20%]
trailhead/tests/test_renames_guard.py::TestSlice7DeletionForbids::test_no_lore_skills_review_or_tend_path PASSED [ 20%]
trailhead/tests/test_renames_guard.py::TestSlice7DeletionForbids::test_no_review_helper_script PASSED [ 20%]
trailhead/tests/test_renames_guard.py::TestSlice7DeletionForbids::test_no_lore_review_or_tend_command_or_name PASSED [ 20%]
trailhead/tests/test_renames_guard.py::TestSlice7DeletionForbids::test_no_forge_ping_references PASSED [ 20%]
trailhead/tests/test_renames_guard.py::TestSlice7DeletionForbids::test_no_lore_skills_ping_path PASSED [ 20%]
trailhead/tests/test_renames_guard.py::TestSlice7DeletionForbids::test_no_lore_ping_command_or_name PASSED [ 20%]
trailhead/tests/test_renames_guard.py::TestSlice7DeletedSurfacesGone::test_reflect_skill_dir_gone PASSED [ 20%]
trailhead/tests/test_renames_guard.py::TestSlice7DeletedSurfacesGone::test_reflect_sessions_script_gone PASSED [ 20%]
trailhead/tests/test_renames_guard.py::TestSlice7DeletedSurfacesGone::test_tend_skill_dir_gone PASSED [ 20%]
trailhead/tests/test_renames_guard.py::TestSlice7DeletedSurfacesGone::test_review_helper_script_gone PASSED [ 20%]
trailhead/tests/test_renames_guard.py::TestSlice7DeletedSurfacesGone::test_lore_ping_skill_dir_gone PASSED [ 20%]
trailhead/tests/test_renames_guard.py::TestSlice7DeletedSurfacesGone::test_forge_ping_agent_gone PASSED [ 20%]
trailhead/tests/test_renames_guard.py::TestSlice7DeletedSurfacesGone::test_lore_base_drops_ping_skill PASSED [ 20%]
trailhead/tests/test_renames_guard.py::TestSlice7DeletedSurfacesGone::test_craft_helpers_drops_forge_ping_agent PASSED [ 20%]
trailhead/tests/test_renames_guard.py::TestSlice7DeletedSurfacesGone::test_landing_claims_has_no_dangling_deleted_entries PASSED [ 20%]
trailhead/tests/test_renames_guard.py::TestSlice8ArtistCutover::test_brainstorm_names_artist_as_design_mockup_provider PASSED [ 20%]
trailhead/tests/test_renames_guard.py::TestSlice8ArtistCutover::test_design_authoring_seam_no_longer_reserved PASSED [ 20%]
trailhead/tests/test_renames_guard.py::TestSlice9RadarFullForbid::test_no_bare_radar_word_anywhere PASSED [ 20%]
trailhead/tests/test_renames_guard.py::TestSlice9RadarFullForbid::test_no_lore_radar_command_ref PASSED [ 20%]
trailhead/tests/test_renames_guard.py::TestSlice9RadarFullForbid::test_no_lore_check_radar_command_ref PASSED [ 20%]
trailhead/tests/test_renames_guard.py::TestSlice9RadarFullForbid::test_no_radar_harvest_typed_prefix PASSED [ 20%]
trailhead/tests/test_renames_guard.py::TestSlice9DesignMockupWriterForbid::test_no_design_mockup_writer_live_ref PASSED [ 20%]
trailhead/tests/test_renames_guard.py::TestOldReleaseIdentifiersAbsentFromPortageLanding::test_old_identifier_absent_from_portage_and_landing[pr-summarizer] PASSED [ 20%]
trailhead/tests/test_renames_guard.py::TestOldReleaseIdentifiersAbsentFromPortageLanding::test_old_identifier_absent_from_portage_and_landing[pr-updater] PASSED [ 20%]
trailhead/tests/test_renames_guard.py::TestOldReleaseIdentifiersAbsentFromPortageLanding::test_old_identifier_absent_from_portage_and_landing[watch-pr] PASSED [ 20%]
trailhead/tests/test_renames_guard.py::TestOldReleaseIdentifiersAbsentFromPortageLanding::test_old_identifier_absent_from_portage_and_landing[watch-preview] PASSED [ 20%]
trailhead/tests/test_renames_guard.py::TestOldReleaseIdentifiersAbsentFromPortageLanding::test_old_identifier_absent_from_portage_and_landing[diagnose-preview] PASSED [ 21%]
trailhead/tests/test_renames_guard.py::TestOldReleaseIdentifiersAbsentFromPortageLanding::test_old_identifier_absent_from_portage_and_landing[create-pr] PASSED [ 21%]
trailhead/tests/test_renames_guard.py::TestOldReleaseIdentifiersAbsentFromPortageLanding::test_old_identifier_absent_from_portage_and_landing[update-pr] PASSED [ 21%]
trailhead/tests/test_renames_guard.py::TestOldReleaseIdentifiersAbsentFromPortageLanding::test_old_identifier_absent_from_portage_and_landing[merge-pr] PASSED [ 21%]
trailhead/tests/test_renames_guard.py::TestOldReleaseIdentifiersAbsentFromPortageLanding::test_old_identifier_absent_from_portage_and_landing[github-pr] PASSED [ 21%]
trailhead/tests/test_renames_guard.py::TestOldReleaseIdentifiersAbsentFromPortageLanding::test_old_identifier_absent_from_portage_and_landing[post-merge-decide] PASSED [ 21%]
trailhead/tests/test_renames_guard.py::TestCraftReleaseClusterDeleted::test_craft_manifest_has_no_release_capability PASSED [ 21%]
trailhead/tests/test_renames_guard.py::TestCraftReleaseClusterDeleted::test_craft_helpers_no_longer_lists_pr_summarizer PASSED [ 21%]
trailhead/tests/test_renames_guard.py::TestCraftReleaseClusterDeleted::test_moved_release_script_absent_from_craft[detect_repos.py] PASSED [ 21%]
trailhead/tests/test_renames_guard.py::TestCraftReleaseClusterDeleted::test_moved_release_script_absent_from_craft[check_pr_status.py] PASSED [ 21%]
trailhead/tests/test_renames_guard.py::TestCraftReleaseClusterDeleted::test_moved_release_script_absent_from_craft[pr_evaluate_status.py] PASSED [ 21%]
trailhead/tests/test_renames_guard.py::TestCraftReleaseClusterDeleted::test_moved_release_script_absent_from_craft[merge_prs.py] PASSED [ 21%]
trailhead/tests/test_renames_guard.py::TestCraftReleaseClusterDeleted::test_moved_release_script_absent_from_craft[release_prs_sidecar.py] PASSED [ 21%]
trailhead/tests/test_renames_guard.py::TestCraftReleaseClusterDeleted::test_moved_release_script_absent_from_craft[wait_for_actionable.py] PASSED [ 21%]
trailhead/tests/test_renames_guard.py::TestCraftReleaseClusterDeleted::test_moved_release_script_absent_from_craft[runner_protocol.py] PASSED [ 21%]
trailhead/tests/test_renames_guard.py::TestCraftReleaseClusterDeleted::test_moved_release_script_absent_from_craft[soak_health.py] PASSED [ 21%]
trailhead/tests/test_renames_guard.py::TestCraftReleaseClusterDeleted::test_deleted_release_skill_dir_absent_from_craft[create-pr] PASSED [ 21%]
trailhead/tests/test_renames_guard.py::TestCraftReleaseClusterDeleted::test_deleted_release_skill_dir_absent_from_craft[update-pr] PASSED [ 21%]
trailhead/tests/test_renames_guard.py::TestCraftReleaseClusterDeleted::test_deleted_release_skill_dir_absent_from_craft[watch-pr] PASSED [ 21%]
trailhead/tests/test_renames_guard.py::TestCraftReleaseClusterDeleted::test_deleted_release_skill_dir_absent_from_craft[watch-preview] PASSED [ 21%]
trailhead/tests/test_renames_guard.py::TestCraftReleaseClusterDeleted::test_deleted_release_skill_dir_absent_from_craft[merge-pr] PASSED [ 21%]
trailhead/tests/test_renames_guard.py::TestCraftReleaseClusterDeleted::test_deleted_release_skill_dir_absent_from_craft[github-pr] PASSED [ 21%]
trailhead/tests/test_renames_guard.py::TestCraftReleaseClusterDeleted::test_deleted_release_skill_dir_absent_from_craft[post-merge-decide] PASSED [ 21%]
trailhead/tests/test_renames_guard.py::TestCraftReleaseClusterDeleted::test_deleted_release_agent_absent_from_craft[pr-updater.md] PASSED [ 21%]
trailhead/tests/test_renames_guard.py::TestCraftReleaseClusterDeleted::test_deleted_release_agent_absent_from_craft[watch-pr.md] PASSED [ 21%]
trailhead/tests/test_renames_guard.py::TestCraftReleaseClusterDeleted::test_deleted_release_agent_absent_from_craft[watch-preview.md] PASSED [ 21%]
trailhead/tests/test_renames_guard.py::TestCraftReleaseClusterDeleted::test_deleted_release_agent_absent_from_craft[diagnose-preview.md] PASSED [ 21%]
trailhead/tests/test_renames_guard.py::TestCraftReleaseClusterDeleted::test_deleted_release_agent_absent_from_craft[pr-summarizer.md] PASSED [ 22%]
trailhead/tests/test_uninstall.py::TestNothing::test_nothing_to_uninstall PASSED [ 22%]
trailhead/tests/test_uninstall.py::TestConfirmation::test_refuses_without_yes_noninteractive PASSED [ 22%]
trailhead/tests/test_uninstall.py::TestTeardown::test_unregisters_each_installed_tool PASSED [ 22%]
trailhead/tests/test_uninstall.py::TestTeardown::test_keep_data_flag_present PASSED [ 22%]
trailhead/tests/test_uninstall.py::TestTeardown::test_marketplace_removed_once_per_harness PASSED [ 22%]
trailhead/tests/test_uninstall.py::TestTeardown::test_composed_tree_removed PASSED [ 22%]
trailhead/tests/test_uninstall.py::TestTeardown::test_shim_dir_removed PASSED [ 22%]
trailhead/tests/test_uninstall.py::TestTeardown::test_multiple_harnesses_torn_down PASSED [ 22%]
trailhead/tests/test_uninstall.py::TestBestEffort::test_unknown_harness_warns_but_removes_tree PASSED [ 22%]
trailhead/tests/test_uninstall.py::TestBestEffort::test_runner_error_is_warning_not_failure PASSED [ 22%]
trailhead/tests/test_uninstall.py::TestJson::test_json_shape PASSED      [ 22%]
trailhead/tests/test_vcs_deploy.py::TestWorkflowRuns::test_parses_runs_into_documented_shape PASSED [ 22%]
trailhead/tests/test_vcs_deploy.py::TestWorkflowRuns::test_in_progress_run_has_none_conclusion PASSED [ 22%]
trailhead/tests/test_vcs_deploy.py::TestWorkflowRuns::test_queries_rest_actions_runs_not_run_list PASSED [ 22%]
trailhead/tests/test_vcs_deploy.py::TestWorkflowRuns::test_status_filter_forwarded_to_query PASSED [ 22%]
trailhead/tests/test_vcs_deploy.py::TestWorkflowRuns::test_empty_runs_returns_empty_list PASSED [ 22%]
trailhead/tests/test_vcs_deploy.py::TestWorkflowRuns::test_all_calls_list_form PASSED [ 22%]
trailhead/tests/test_vcs_deploy.py::TestStatus::test_parses_latest_status_per_deployment PASSED [ 22%]
trailhead/tests/test_vcs_deploy.py::TestStatus::test_zero_deployments_returns_empty_list_no_raise PASSED [ 22%]
trailhead/tests/test_vcs_deploy.py::TestStatus::test_deployment_with_no_statuses_yields_empty_state PASSED [ 22%]
trailhead/tests/test_vcs_deploy.py::TestStatus::test_all_calls_list_form PASSED [ 22%]
trailhead/tests/test_vcs_deploy.py::TestLogs::test_failure_annotations_surfaced_on_failing_run PASSED [ 22%]
trailhead/tests/test_vcs_deploy.py::TestLogs::test_clean_run_returns_empty_list_no_false_alarm PASSED [ 22%]
trailhead/tests/test_vcs_deploy.py::TestLogs::test_not_found_run_returns_empty_list PASSED [ 22%]
trailhead/tests/test_vcs_deploy.py::TestLogs::test_non_404_nonzero_raises_deploy_error PASSED [ 22%]
trailhead/tests/test_vcs_deploy.py::TestLogs::test_truncation_sentinel_appended_past_cap PASSED [ 22%]
trailhead/tests/test_vcs_deploy.py::TestLogs::test_issues_check_runs_annotations_api_call PASSED [ 22%]
trailhead/tests/test_vcs_deploy.py::TestLogs::test_all_calls_list_form PASSED [ 23%]
trailhead/tests/test_vcs_deploy.py::TestDeployErrorCause::test_gh_nonzero_surfaces_returncode_and_stderr PASSED [ 23%]
trailhead/tests/test_vcs_deploy.py::TestDeployErrorCause::test_non_json_surfaces_distinct_cause PASSED [ 23%]
trailhead/tests/test_vcs_deploy.py::TestDeployErrorCause::test_two_branches_are_distinguishable PASSED [ 23%]
trailhead/tests/test_vcs_github_pr.py::TestPrStatus::test_done_when_mergeable_and_clean PASSED [ 23%]
trailhead/tests/test_vcs_github_pr.py::TestPrStatus::test_bot_reviews_present_when_configured PASSED [ 23%]
trailhead/tests/test_vcs_github_pr.py::TestPrStatus::test_wrong_login_filtered PASSED [ 23%]
trailhead/tests/test_vcs_github_pr.py::TestPrStatus::test_status_routes_through_runner_no_shell_string PASSED [ 23%]
trailhead/tests/test_vcs_github_pr.py::TestPrStatus::test_since_filter_excludes_older_bot_reviews PASSED [ 23%]
trailhead/tests/test_vcs_github_pr.py::TestCiChecks::test_annotation_gh_api_call_issued PASSED [ 23%]
trailhead/tests/test_vcs_github_pr.py::TestPrEvaluate::test_done_on_mergeable_clean PASSED [ 23%]
trailhead/tests/test_vcs_github_pr.py::TestPrEvaluate::test_rebase_on_conflicting PASSED [ 23%]
trailhead/tests/test_vcs_github_pr.py::TestPrEvaluate::test_rerun_ci_on_failing_no_annotations PASSED [ 23%]
trailhead/tests/test_vcs_github_pr.py::TestPrEvaluate::test_fix_ci_on_failing_with_annotations PASSED [ 23%]
trailhead/tests/test_vcs_github_pr.py::TestPrEvaluate::test_wait_on_draft PASSED [ 23%]
trailhead/tests/test_vcs_github_pr.py::TestPrEvaluate::test_wait_on_ci_pending PASSED [ 23%]
trailhead/tests/test_vcs_github_pr.py::TestPrEvaluate::test_no_bot_configured_ignores_reviews PASSED [ 23%]
trailhead/tests/test_vcs_github_pr.py::TestPrEvaluate::test_with_bot_configured_changes_requested_yields_review PASSED [ 23%]
trailhead/tests/test_vcs_github_pr.py::TestPrMerge::test_toml_merge_order_respected PASSED [ 23%]
trailhead/tests/test_vcs_github_pr.py::TestPrMerge::test_multiple_prs_no_merge_order_refuses PASSED [ 23%]
trailhead/tests/test_vcs_github_pr.py::TestPrMerge::test_merge_order_names_nonexistent_member_raises PASSED [ 23%]
trailhead/tests/test_vcs_github_pr.py::TestPrMerge::test_partial_merge_pr1_merges_pr2_fails PASSED [ 23%]
trailhead/tests/test_vcs_github_pr.py::TestPrMerge::test_stop_on_first_failure_skips_remaining PASSED [ 23%]
trailhead/tests/test_vcs_github_pr.py::TestPrMerge::test_already_merged_pr_skipped PASSED [ 23%]
trailhead/tests/test_vcs_github_pr.py::TestPrMerge::test_pr_number_non_numeric_rejected PASSED [ 23%]
trailhead/tests/test_vcs_github_pr.py::TestPrMerge::test_branch_with_leading_dash_skips_delete PASSED [ 23%]
trailhead/tests/test_vcs_github_pr.py::TestCiWait::test_returns_immediately_when_actionable PASSED [ 23%]
trailhead/tests/test_vcs_github_pr.py::TestCiWait::test_times_out_when_always_waiting PASSED [ 23%]
trailhead/tests/test_vcs_github_pr.py::TestCiWait::test_total_slept_does_not_exceed_timeout PASSED [ 24%]
trailhead/tests/test_vcs_github_pr.py::TestCiWait::test_wait_routes_evaluate_through_pr_surface PASSED [ 24%]
trailhead/tests/test_vcs_interface.py::TestGetProvider::test_github_returns_github_provider PASSED [ 24%]
trailhead/tests/test_vcs_interface.py::TestGetProvider::test_default_is_github PASSED [ 24%]
trailhead/tests/test_vcs_interface.py::TestGetProvider::test_unknown_name_raises_legible_error PASSED [ 24%]
trailhead/tests/test_vcs_interface.py::TestGetProvider::test_arbitrary_unregistered_name_raises PASSED [ 24%]
trailhead/tests/test_vcs_interface.py::TestGetProvider::test_runner_threads_through PASSED [ 24%]
trailhead/tests/test_vcs_interface.py::TestProviderShape::test_namespaced_surfaces_present PASSED [ 24%]
trailhead/tests/test_vcs_interface.py::TestProviderShape::test_repos_methods PASSED [ 24%]
trailhead/tests/test_vcs_interface.py::TestProviderShape::test_pr_methods PASSED [ 24%]
trailhead/tests/test_vcs_interface.py::TestProviderShape::test_ci_methods PASSED [ 24%]
trailhead/tests/test_vcs_interface.py::TestProviderShape::test_deploy_methods PASSED [ 24%]
trailhead/tests/test_vcs_interface.py::TestVcsProviderDoc::test_doc_exists PASSED [ 24%]
trailhead/tests/test_vcs_interface.py::TestVcsProviderDoc::test_doc_names_every_interface_method PASSED [ 24%]
trailhead/tests/test_vcs_interface.py::TestVcsProviderDoc::test_doc_documents_gitlab_mapping PASSED [ 24%]
trailhead/tests/test_vcs_interface.py::TestVcsProviderDoc::test_doc_documents_provider_selection PASSED [ 24%]
trailhead/tests/test_vcs_repos.py::TestReposDetect::test_both_members_reported PASSED [ 24%]
trailhead/tests/test_vcs_repos.py::TestReposDetect::test_member_shape_has_required_fields PASSED [ 24%]
trailhead/tests/test_vcs_repos.py::TestReposDetect::test_path_comes_from_worktree_path PASSED [ 24%]
trailhead/tests/test_vcs_repos.py::TestReposDetect::test_member_on_main_excluded PASSED [ 24%]
trailhead/tests/test_vcs_repos.py::TestReposDetect::test_missing_worktree_excluded_not_error PASSED [ 24%]
trailhead/tests/test_vcs_repos.py::TestReposDetect::test_no_zenith_exclusion PASSED [ 24%]
trailhead/tests/test_vcs_repos.py::TestReposDetect::test_missing_manifest_raises_named_error PASSED [ 24%]
trailhead/tests/test_vcs_repos.py::TestReposDetect::test_malformed_manifest_raises_named_error PASSED [ 24%]
[...]
tools/camp/tests/test_slice3_cli.py::TestCampStatusExitCodes::test_status_json_shape PASSED [ 94%]
tools/camp/tests/test_slice3_cli.py::TestSetupRetryFlagRemoved::test_setup_retry_flag_rejected_with_slug PASSED [ 94%]
tools/camp/tests/test_slice3_cli.py::TestSetupRetryFlagRemoved::test_setup_without_retry_still_works PASSED [ 94%]
tools/camp/tests/test_slice3_hooks.py::TestHooksWriter::test_writes_session_start_hook PASSED [ 94%]
tools/camp/tests/test_slice3_hooks.py::TestHooksWriter::test_does_not_write_worktree_remove_hook PASSED [ 94%]
tools/camp/tests/test_slice3_hooks.py::TestHooksWriter::test_writes_env_camp_bin PASSED [ 94%]
tools/camp/tests/test_slice3_hooks.py::TestHooksWriter::test_hook_command_shape PASSED [ 94%]
tools/camp/tests/test_slice3_hooks.py::TestHooksWriter::test_idempotent_no_duplicates PASSED [ 94%]
tools/camp/tests/test_slice3_hooks.py::TestHooksWriter::test_preserves_existing_unrelated_keys PASSED [ 95%]
tools/camp/tests/test_slice3_hooks.py::TestHooksWriter::test_json_robustness_path_with_space_and_quote PASSED [ 95%]
tools/camp/tests/test_slice3_hooks.py::TestInitCmd::test_init_writes_hooks_for_all_members PASSED [ 95%]
tools/camp/tests/test_slice3_hooks.py::TestInitCmd::test_init_idempotent PASSED [ 95%]
tools/camp/tests/test_slice3_hooks.py::TestSessionBootstrapNoOp::test_cold_start_no_config_dir_exits_0_no_stderr PASSED [ 95%]
tools/camp/tests/test_slice3_hooks.py::TestSessionBootstrapNoOp::test_config_present_but_not_member_exits_0_no_stderr PASSED [ 95%]
tools/camp/tests/test_slice3_hooks.py::TestSessionBootstrapNoOp::test_malformed_config_exits_0_no_stderr PASSED [ 95%]
tools/camp/tests/test_slice3_hooks.py::TestSessionBootstrapNoOp::test_slug_none_repo_root_exits_0_no_stderr PASSED [ 95%]
tools/camp/tests/test_slice3_hooks.py::TestSessionBootstrapIdempotent::test_second_run_is_noop PASSED [ 95%]
tools/camp/tests/test_slice3_hooks.py::TestBootstrapGuard::test_bare_python3_no_module_not_found_error PASSED [ 95%]
tools/camp/tests/test_slice3_hooks.py::TestWorktreeCleanup::test_removes_member_worktrees_and_manifest PASSED [ 95%]
tools/camp/tests/test_slice3_hooks.py::TestWorktreeCleanup::test_dirty_worktree_blocks_cleanup_without_force PASSED [ 95%]
tools/camp/tests/test_slice3_hooks.py::TestWorktreeCleanup::test_dirty_worktree_cleanup_succeeds_with_force PASSED [ 95%]
tools/camp/tests/test_slice3_hooks.py::TestWorktreeCleanup::test_non_member_cwd_silent_noop PASSED [ 95%]
tools/camp/tests/test_slice3_hooks.py::TestSessionBootstrapGenuineFailure::test_genuine_reconcile_failure_warns_once_names_slug_exits_0 PASSED [ 95%]
tools/camp/tests/test_slice3_hooks.py::TestSessionBootstrapGenuineFailure::test_no_op_cases_remain_silent_after_change PASSED [ 95%]
tools/camp/tests/test_slice3_hooks.py::TestHelpMenuInit::test_help_contains_init PASSED [ 95%]
tools/camp/tests/test_slice3_hooks.py::TestHelpMenuInit::test_help_init_has_description PASSED [ 95%]
tools/camp/tests/test_slice3_hooks.py::TestHelpMenuInit::test_help_not_argparse_dump PASSED [ 95%]
tools/camp/tests/test_slice3_hooks.py::TestHelpMenuInit::test_help_does_not_list_session_bootstrap_or_worktree_cleanup PASSED [ 95%]
tools/camp/tests/test_spine.py::test_repos_imports_without_dev_env PASSED [ 95%]
tools/camp/tests/test_spine.py::test_spine_imports_without_dev_env PASSED [ 95%]
tools/camp/tests/test_spine.py::test_no_dev_env_in_sys_modules_after_import PASSED [ 95%]
tools/camp/tests/test_spine.py::test_read_manifest_returns_none_when_absent PASSED [ 95%]
tools/camp/tests/test_spine.py::test_read_manifest_returns_data PASSED   [ 95%]
tools/camp/tests/test_spine.py::test_read_manifest_returns_none_on_bad_json PASSED [ 95%]
tools/camp/tests/test_spine.py::test_resolve_manifest_for_direct PASSED  [ 95%]
tools/camp/tests/test_spine.py::test_resolve_manifest_for_sibling_marker PASSED [ 95%]
tools/camp/tests/test_spine.py::test_resolve_manifest_for_returns_none_when_absent PASSED [ 96%]
tools/camp/tests/test_spine.py::test_repo_path_from_manifest PASSED      [ 96%]
tools/camp/tests/test_spine.py::test_repo_path_fallback PASSED           [ 96%]
tools/camp/tests/test_spine.py::test_normalize_slug_lowercases PASSED    [ 96%]
tools/camp/tests/test_spine.py::test_normalize_slug_replaces_non_alnum PASSED [ 96%]
tools/camp/tests/test_spine.py::test_normalize_slug_trims_dashes PASSED  [ 96%]
tools/camp/tests/test_spine.py::test_normalize_slug_already_clean PASSED [ 96%]
tools/camp/tests/test_spine.py::test_validate_slug_accepts_valid PASSED  [ 96%]
tools/camp/tests/test_spine.py::test_validate_slug_rejects_empty PASSED  [ 96%]
tools/camp/tests/test_spine.py::test_validate_slug_rejects_uppercase PASSED [ 96%]
tools/camp/tests/test_spine.py::test_resolve_slug_rejects_path_traversal PASSED [ 96%]
tools/camp/tests/test_spine.py::test_resolve_slug_rejects_shell_metachar PASSED [ 96%]
tools/camp/tests/test_spine.py::test_resolve_slug_normalizes_and_returns PASSED [ 96%]
tools/camp/tests/test_spine.py::test_git_forms_correct_argv PASSED       [ 96%]
tools/camp/tests/test_spine.py::test_git_out_returns_stripped_stdout PASSED [ 96%]
tools/camp/tests/test_spine.py::test_git_out_returns_empty_on_nonzero PASSED [ 96%]
tools/camp/tests/test_spine.py::test_cmd_sweep_no_registry_returns_empty_instances PASSED [ 96%]
tools/camp/tests/test_spine.py::test_cmd_sweep_no_registry_does_not_call_import_dev_env PASSED [ 96%]
tools/camp/tests/test_spine.py::test_cmd_sweep_prune_with_orphan_instance_raises_not_implemented PASSED [ 96%]
tools/camp/tests/test_spine.py::test_sweep_report_retains_dev_env_schema_keys PASSED [ 96%]
tools/camp/tests/test_spine.py::test_trailhead_paths_guard_emits_legible_message_on_import_error PASSED [ 96%]
tools/camp/tests/test_spine.py::test_trailhead_paths_guard_succeeds_when_importable PASSED [ 96%]
tools/camp/tests/test_workspace_doc.py::TestWorkspaceDocFiles::test_claude_md_written PASSED [ 96%]
tools/camp/tests/test_workspace_doc.py::TestWorkspaceDocFiles::test_agent_md_not_written_by_default PASSED [ 96%]
tools/camp/tests/test_workspace_doc.py::TestWorkspaceDocCommandTable::test_claude_md_contains_camp_enter_exact PASSED [ 96%]
tools/camp/tests/test_workspace_doc.py::TestWorkspaceDocCommandTable::test_claude_md_contains_camp_status_exact PASSED [ 96%]
tools/camp/tests/test_workspace_doc.py::TestWorkspaceDocCommandTable::test_claude_md_contains_camp_setup_exact PASSED [ 96%]
tools/camp/tests/test_workspace_doc.py::TestWorkspaceDocCommandTable::test_claude_md_does_not_contain_camp_setup_retry PASSED [ 97%]
tools/camp/tests/test_workspace_doc.py::TestWorkspaceDocCommandTable::test_configured_agents_md_contains_camp_enter_exact PASSED [ 97%]
tools/camp/tests/test_workspace_doc.py::TestWorkspaceDocMemberList::test_claude_md_contains_all_member_names PASSED [ 97%]
tools/camp/tests/test_workspace_doc.py::TestWorkspaceDocMemberList::test_configured_agents_md_contains_all_member_names PASSED [ 97%]
tools/camp/tests/test_workspace_doc.py::TestWorkspaceDocGuidance::test_inert_until_camp_enter PASSED [ 97%]
tools/camp/tests/test_workspace_doc.py::TestWorkspaceDocGuidance::test_setup_may_be_in_flight PASSED [ 97%]
tools/camp/tests/test_workspace_doc.py::TestWorkspaceDocIdempotent::test_no_duplication_on_second_write PASSED [ 97%]
tools/camp/tests/test_workspace_doc.py::TestWorkspaceDocIdempotent::test_configured_agents_md_no_duplication_on_second_write PASSED [ 97%]
tools/camp/tests/test_workspace_doc.py::TestWorkspaceDocIdempotent::test_stable_content_for_same_inputs PASSED [ 97%]
tools/camp/tests/test_workspace_doc.py::TestWorkspaceHooks::test_workspace_settings_written PASSED [ 97%]
tools/camp/tests/test_workspace_doc.py::TestWorkspaceHooks::test_workspace_settings_has_session_start_hook PASSED [ 97%]
tools/camp/tests/test_workspace_doc.py::TestWorkspaceHooks::test_workspace_session_start_command_exact PASSED [ 97%]
tools/camp/tests/test_workspace_doc.py::TestWorkspaceHooks::test_workspace_hooks_idempotent PASSED [ 97%]
tools/camp/tests/test_workspace_doc.py::TestWorkspaceHooks::test_workspace_hooks_preserves_existing_keys PASSED [ 97%]
tools/camp/tests/test_workspace_doc.py::TestWorkspaceHooks::test_workspace_hooks_written_not_in_member_repo PASSED [ 97%]
tools/camp/tests/test_workspace_doc.py::TestWorkspaceInjectHook::test_inject_hook_written PASSED [ 97%]
tools/camp/tests/test_workspace_doc.py::TestWorkspaceInjectHook::test_inject_hook_matcher_is_bash PASSED [ 97%]
tools/camp/tests/test_workspace_doc.py::TestWorkspaceInjectHook::test_inject_hook_idempotent PASSED [ 97%]
tools/camp/tests/test_workspace_doc.py::TestWorkspaceInjectHook::test_inject_hook_preserves_session_start PASSED [ 97%]
tools/camp/tests/test_workspace_doc.py::TestHasInjectDrainHook::test_true_when_drain_hook_installed PASSED [ 97%]
tools/camp/tests/test_workspace_doc.py::TestHasInjectDrainHook::test_false_when_no_settings_file PASSED [ 97%]
tools/camp/tests/test_workspace_doc.py::TestHasInjectDrainHook::test_false_when_only_session_start_hook PASSED [ 97%]
tools/camp/tests/test_workspace_doc.py::TestBringUpWorkspaceIntegration::test_bring_up_creates_claude_md PASSED [ 97%]
tools/camp/tests/test_workspace_doc.py::TestBringUpWorkspaceIntegration::test_bring_up_does_not_create_agent_md_by_default PASSED [ 97%]
tools/camp/tests/test_workspace_doc.py::TestBringUpWorkspaceIntegration::test_bring_up_creates_workspace_settings PASSED [ 97%]
tools/camp/tests/test_workspace_doc.py::TestBringUpWorkspaceIntegration::test_bring_up_claude_md_has_member_names PASSED [ 97%]
tools/camp/tests/test_workspace_doc.py::TestBringUpWorkspaceIntegration::test_bring_up_idempotent_docs PASSED [ 97%]
tools/camp/tests/test_workspace_doc.py::TestResolveDocFiles::test_no_harness_returns_claude_md PASSED [ 97%]
tools/camp/tests/test_workspace_doc.py::TestResolveDocFiles::test_harness_without_doc_files_returns_claude_md PASSED [ 98%]
tools/camp/tests/test_workspace_doc.py::TestResolveDocFiles::test_configured_doc_files_returned PASSED [ 98%]
tools/camp/tests/test_workspace_doc.py::TestResolveDocFiles::test_multiple_doc_files_returned PASSED [ 98%]
tools/camp/tests/test_workspace_doc.py::TestWriteWorkspaceDocFiles::test_default_writes_only_claude_md PASSED [ 98%]
tools/camp/tests/test_workspace_doc.py::TestWriteWorkspaceDocFiles::test_configured_agents_md_writes_agents_md_only PASSED [ 98%]
tools/camp/tests/test_workspace_doc.py::TestWriteWorkspaceDocFiles::test_configured_both_writes_both PASSED [ 98%]
tools/camp/tests/test_workspace_doc.py::TestWriteWorkspaceDocFiles::test_each_doc_has_same_content PASSED [ 98%]
tools/camp/tests/test_workspace_doc.py::TestRenderedDocMembersLine::test_no_bare_members_line PASSED [ 98%]
tools/camp/tests/test_workspace_doc.py::TestRenderedDocMembersLine::test_members_section_heading_retained PASSED [ 98%]
tools/camp/tests/test_workspace_doc.py::TestRenderedDocMembersLine::test_member_names_still_listed PASSED [ 98%]
tools/camp/tests/test_workspace_doc.py::TestGroupConfigDocFiles::test_valid_doc_files_loads PASSED [ 98%]
tools/camp/tests/test_workspace_doc.py::TestGroupConfigDocFiles::test_doc_files_multiple_accepted PASSED [ 98%]
tools/camp/tests/test_workspace_doc.py::TestGroupConfigDocFiles::test_empty_list_raises PASSED [ 98%]
tools/camp/tests/test_workspace_doc.py::TestGroupConfigDocFiles::test_whitespace_token_raises PASSED [ 98%]
tools/camp/tests/test_workspace_doc.py::TestGroupConfigDocFiles::test_non_string_token_raises PASSED [ 98%]
tools/camp/tests/test_workspace_doc.py::TestGroupConfigDocFiles::test_not_a_list_raises PASSED [ 98%]
tools/camp/tests/test_workspace_doc.py::TestGroupConfigDocFiles::test_absent_doc_files_returns_none PASSED [ 98%]
tools/portage/tests/test_portage_agents_registrable.py::test_at_least_three_agents_ship PASSED [ 98%]
tools/portage/tests/test_portage_agents_registrable.py::test_agent_has_registrable_frontmatter[monitor] PASSED [ 98%]
tools/portage/tests/test_portage_agents_registrable.py::test_agent_has_registrable_frontmatter[summarizer] PASSED [ 98%]
tools/portage/tests/test_portage_agents_registrable.py::test_agent_has_registrable_frontmatter[updater] PASSED [ 98%]
tools/portage/tests/test_portage_agents_registrable.py::test_agent_name_matches_filename_stem[monitor] PASSED [ 98%]
tools/portage/tests/test_portage_agents_registrable.py::test_agent_name_matches_filename_stem[summarizer] PASSED [ 98%]
tools/portage/tests/test_portage_agents_registrable.py::test_agent_name_matches_filename_stem[updater] PASSED [ 98%]
tools/portage/tests/test_portage_capability.py::test_capabilities_toml_exists PASSED [ 98%]
tools/portage/tests/test_portage_capability.py::test_tool_name_is_portage_and_matches_dir PASSED [ 98%]
tools/portage/tests/test_portage_capability.py::test_no_capability_groups PASSED [ 98%]
tools/portage/tests/test_portage_capability.py::test_expected_portage_skills_present PASSED [ 98%]
tools/portage/tests/test_portage_capability.py::test_expected_portage_agents_present PASSED [ 99%]
tools/portage/tests/test_portage_skills_registrable.py::test_all_four_portage_skills_present PASSED [ 99%]
tools/portage/tests/test_portage_skills_registrable.py::test_skill_has_registrable_frontmatter[merge] PASSED [ 99%]
tools/portage/tests/test_portage_skills_registrable.py::test_skill_has_registrable_frontmatter[monitor] PASSED [ 99%]
tools/portage/tests/test_portage_skills_registrable.py::test_skill_has_registrable_frontmatter[open] PASSED [ 99%]
tools/portage/tests/test_portage_skills_registrable.py::test_skill_has_registrable_frontmatter[update] PASSED [ 99%]
tools/portage/tests/test_portage_skills_registrable.py::test_skill_name_matches_dir[merge] PASSED [ 99%]
tools/portage/tests/test_portage_skills_registrable.py::test_skill_name_matches_dir[monitor] PASSED [ 99%]
tools/portage/tests/test_portage_skills_registrable.py::test_skill_name_matches_dir[open] PASSED [ 99%]
tools/portage/tests/test_portage_skills_registrable.py::test_skill_name_matches_dir[update] PASSED [ 99%]
tools/portage/tests/test_portage_thin_scripts.py::TestDetectRepos::test_delegates_to_repos_detect_and_prints_json PASSED [ 99%]
tools/portage/tests/test_portage_thin_scripts.py::TestCheckPrStatus::test_delegates_to_pr_status_and_prints_json PASSED [ 99%]
tools/portage/tests/test_portage_thin_scripts.py::TestCheckPrStatus::test_not_a_directory_exits_1 PASSED [ 99%]
tools/portage/tests/test_portage_thin_scripts.py::TestPrEvaluate::test_delegates_status_then_evaluate PASSED [ 99%]
tools/portage/tests/test_portage_thin_scripts.py::TestMergePrs::test_delegates_to_pr_merge_and_prints_json PASSED [ 99%]
tools/portage/tests/test_portage_thin_scripts.py::TestMergePrs::test_r6_gate_message_preserved PASSED [ 99%]
tools/portage/tests/test_portage_thin_scripts.py::TestMergePrs::test_bad_pair_format_exits_2 PASSED [ 99%]
tools/portage/tests/test_portage_thin_scripts.py::TestWaitForActionable::test_delegates_to_ci_wait_and_prints_json PASSED [ 99%]
tools/portage/tests/test_portage_thin_scripts.py::TestWaitForActionable::test_timeout_exits_1 PASSED [ 99%]
tools/portage/tests/test_portage_thin_scripts.py::TestSidecar::test_write_delegates_to_pr_open PASSED [ 99%]
tools/portage/tests/test_portage_thin_scripts.py::TestSidecar::test_read_delegates_to_pr_read_sidecar PASSED [ 99%]
tools/portage/tests/test_portage_vcs_loader.py::TestParents6Layout::test_bootstrap_exists PASSED [ 99%]
tools/portage/tests/test_portage_vcs_loader.py::TestParents6Layout::test_marker_reachable_at_proven_depth PASSED [ 99%]
tools/portage/tests/test_portage_vcs_loader.py::TestVcsImportableFromPortageContext::test_ensure_importable_then_get_provider PASSED [ 99%]
tools/portage/tests/test_portage_vcs_loader.py::TestS5InProcessBoundary::test_hostile_trailhead_root_does_not_redirect PASSED [ 99%]
tools/portage/tests/test_portage_vcs_loader.py::TestColdStartTier2Hardening::test_walk_wins_over_hostile_env_when_run_from_checkout PASSED [ 99%]
tools/portage/tests/test_portage_vcs_loader.py::TestColdStartTier2Hardening::test_env_fallback_used_when_walk_finds_nothing PASSED [ 99%]
tools/portage/tests/test_portage_vcs_loader.py::TestColdStartTier2Hardening::test_invalid_env_with_no_walk_target_exits_legibly PASSED [100%]

=================================== FAILURES ===================================
_ TestLoreRecallHonestyGuards.test_lore_readme_contains_recall_areas_positive __

self = <trailhead.tests.test_landing_links_real.TestLoreRecallHonestyGuards object at 0x1097a0690>

    def test_lore_readme_contains_recall_areas_positive(self):
        """R-3 positive: the lore README must contain 'recall --areas' (the real mechanism)."""
        assert _LORE_README.exists(), f"lore README not found at {_LORE_README}"
        text = _LORE_README.read_text(encoding="utf-8")
>       assert "recall --areas" in text, (
            "lore README must contain 'recall --areas' — the area-mediated recall mechanism "
            "(R-3 positive: ensures the real mechanism is documented, not just that the old "
            "oversell is absent)"
        )
E       AssertionError: lore README must contain 'recall --areas' — the area-mediated recall mechanism (R-3 positive: ensures the real mechanism is documented, not just that the old oversell is absent)
E       assert 'recall --areas' in '# lore\n\nAgent-native project memory that works with your existing setup. Lore captures\nthe durable, non-obvious things worth remembering across sessions — decisions,\ndead-ends, deferrals, follow-up items, area mental models, and a running session\nlog — and loads what\'s relevant automatically when a session starts.\n\n**No MCP required.** Lore uses only `Read`, `Write`, `Edit`, `Glob`, `Grep`,\nand `Bash(git)` — tools every Claude Code session already has.\n\n## What lore captures\n\n| Capture command | What it records |\n|---|---|\n| `/lore:defer` | Work chosen not to do now, with a trigger to revisit |\n| `/lore:dead-end` | Approaches tried that didn\'t work, with a revive condition |\n| `/lore:decision` | Non-obvious architectural choices and their reasoning |\n| `/lore:follow-up` | External things out of your control being watched |\n| `/lore:area` | Mental model of a codebase area (files, gotchas, conventions) |\n\nSession lifecycle is automatic: `/lore:checkpoint` snapshots in-flight state;\n`/lore:finish` wraps the session. `/lore:sync` commits and pushes the vault at\nany point.\n\n## Install\n\nLore is installed as part of Trailhead — see the [root README](../../RE...earch and synthesize across the vault.\nIt uses `Glob`, `Grep`, and `Read` — no MCP — and returns a cited synthesis,\nnot a raw dump.\n\n## Development\n\n```bash\n# Run the test suite\npython -m pytest tests/\n```\n\nA **pre-commit leak gate** keeps project- or machine-specific tokens out of the\nshipped plugin surface. Install the generic, denylist-driven gate from the\n[craft](../craft) plugin — it reads a machine-local denylist\n(`~/.claude/leak-gate.denylist`, untracked) so no private token lives in this\ntracked repo:\n\n```bash\ncraft/plugins/craft/scripts/install-hooks.sh "$(pwd)" plugins/lore tests docs\n```\n\nThe `docs` tree is included so adopter-facing docs (e.g. `EXTENDING.md`) are\ngated too — they ship publicly and must stay leak-clean.\n\nSee `MANUAL-SMOKE.md` for the plugin-system boundary smoke test (hook\nregistration, `${CLAUDE_PLUGIN_ROOT}`, skill namespacing).\n\n## Extending lore for your project\n\nTo bolt your own project layer on top of lore and the craft dev agents — wiring\ncraft\'s extension points (feature flags, issue tracker, observability, test\ncommands) to your own stack — see the adopter cookbook in\n[`docs/EXTENDING.md`](docs/EXTENDING.md).\n'

trailhead/tests/test_landing_links_real.py:904: AssertionError
=========================== short test summary info ============================
FAILED trailhead/tests/test_landing_links_real.py::TestLoreRecallHonestyGuards::test_lore_readme_contains_recall_areas_positive
============ 1 failed, 2758 passed, 8 skipped in 100.42s (0:01:40) =============
